In file included from [01m[K/home/user/ros2_humble/build/rclcpp/include/rclcpp/logging.hpp:24[m[K,
                 from [01m[K/home/user/ros2_humble/install/rclcpp/include/rclcpp/rclcpp/client.hpp:40[m[K,
                 from [01m[K/home/user/ros2_humble/install/rclcpp/include/rclcpp/rclcpp/callback_group.hpp:24[m[K,
                 from [01m[K/home/user/ros2_humble/install/rclcpp/include/rclcpp/rclcpp/any_executable.hpp:20[m[K,
                 from [01m[K/home/user/ros2_humble/install/rclcpp/include/rclcpp/rclcpp/memory_strategy.hpp:25[m[K,
                 from [01m[K/home/user/ros2_humble/install/rclcpp/include/rclcpp/rclcpp/memory_strategies.hpp:18[m[K,
                 from [01m[K/home/user/ros2_humble/install/rclcpp/include/rclcpp/rclcpp/executor_options.hpp:20[m[K,
                 from [01m[K/home/user/ros2_humble/install/rclcpp/include/rclcpp/rclcpp/executor.hpp:37[m[K,
                 from [01m[K/home/user/ros2_humble/install/rclcpp/include/rclcpp/rclcpp/executors/multi_threaded_executor.hpp:25[m[K,
                 from [01m[K/home/user/ros2_humble/install/rclcpp/include/rclcpp/rclcpp/executors.hpp:21[m[K,
                 from [01m[K/home/user/ros2_humble/install/rclcpp/include/rclcpp/rclcpp/rclcpp.hpp:155[m[K,
                 from [01m[K/home/user/template_ws/src/robot_action_pkg/src/robot_action_node.cpp:13[m[K:
[01m[K/home/user/template_ws/src/robot_action_pkg/src/robot_action_node.cpp:[m[K In member function â€˜[01m[Kvoid MinimalActionClient::feedback_callback(rclcpp_action::ClientGoalHandle<my_interfaces::action::Fibonacci>::SharedPtr, std::shared_ptr<const my_interfaces::action::Fibonacci_Feedback_<std::allocator<void> > >)[m[Kâ€™:
[01m[K/home/user/template_ws/src/robot_action_pkg/src/robot_action_node.cpp:114:17:[m[K [01;31m[Kerror: [m[Kâ€˜[01m[Kusing element_type = const struct my_interfaces::action::Fibonacci_Feedback_<std::allocator<void> >[m[Kâ€™ {aka â€˜[01m[Kconst struct my_interfaces::action::Fibonacci_Feedback_<std::allocator<void> >[m[Kâ€™} has no member named â€˜[01m[Ksequence[m[Kâ€™
  114 |       feedback->[01;31m[Ksequence[m[K.back());
      |                 [01;31m[K^~~~~~~~[m[K
gmake[2]: *** [CMakeFiles/robot_action_node.dir/build.make:76: CMakeFiles/robot_action_node.dir/src/robot_action_node.cpp.o] Error 1
gmake[1]: *** [CMakeFiles/Makefile2:137: CMakeFiles/robot_action_node.dir/all] Error 2
gmake: *** [Makefile:146: all] Error 2
