-- The C compiler identification is GNU 11.4.0
-- The CXX compiler identification is GNU 11.4.0
-- Detecting C compiler ABI info
-- Detecting C compiler ABI info - done
-- Check for working C compiler: /usr/bin/cc - skipped
-- Detecting C compile features
-- Detecting C compile features - done
-- Detecting CXX compiler ABI info
-- Detecting CXX compiler ABI info - done
-- Check for working CXX compiler: /usr/bin/c++ - skipped
-- Detecting CXX compile features
-- Detecting CXX compile features - done
-- Found ament_cmake: 1.3.5 (/home/user/ros2_humble/install/ament_cmake/share/ament_cmake/cmake)
-- Found Python3: /usr/bin/python3.10 (found version "3.10.12") found components: Interpreter 
-- Override CMake install command with custom implementation using symlinks instead of copying resources
-- Found rclcpp: 16.0.4 (/home/user/ros2_humble/install/rclcpp/share/rclcpp/cmake)
-- Found rosidl_generator_c: 3.1.4 (/home/user/ros2_humble/install/rosidl_generator_c/share/rosidl_generator_c/cmake)
-- Found rosidl_adapter: 3.1.4 (/home/user/ros2_humble/install/rosidl_adapter/share/rosidl_adapter/cmake)
-- Found rosidl_generator_cpp: 3.1.4 (/home/user/ros2_humble/install/rosidl_generator_cpp/share/rosidl_generator_cpp/cmake)
-- Using all available rosidl_typesupport_c: rosidl_typesupport_introspection_c;rosidl_typesupport_fastrtps_c
-- Using all available rosidl_typesupport_cpp: rosidl_typesupport_introspection_cpp;rosidl_typesupport_fastrtps_cpp
-- Found rmw_implementation_cmake: 6.1.1 (/home/user/ros2_humble/install/rmw_implementation_cmake/share/rmw_implementation_cmake/cmake)
-- Found rmw_fastrtps_cpp: 6.2.2 (/home/user/ros2_humble/install/rmw_fastrtps_cpp/share/rmw_fastrtps_cpp/cmake)
-- Found OpenSSL: /usr/lib/x86_64-linux-gnu/libcrypto.so (found version "3.0.2")  
-- Found FastRTPS: /home/user/ros2_humble/install/fastrtps/include  
-- Using RMW implementation 'rmw_fastrtps_cpp' as default
-- Looking for pthread.h
-- Looking for pthread.h - found
-- Performing Test CMAKE_HAVE_LIBC_PTHREAD
-- Performing Test CMAKE_HAVE_LIBC_PTHREAD - Success
-- Found Threads: TRUE  
-- Found my_interfaces: 0.0.0 (/home/user/template_ws/install/my_interfaces/share/my_interfaces/cmake)
-- Configuring done
-- Generating done
-- Build files have been written to: /home/user/template_ws/build/robot_srv_pkg
[ 50%] [32mBuilding CXX object CMakeFiles/robot_srv_node.dir/src/robot_srv_node.cpp.o[0m
[01m[K/home/user/template_ws/src/robot_srv_pkg/src/robot_srv_node.cpp:13:64:[m[K [01;31m[Kerror: [m[Kâ€˜[01m[KBool[m[Kâ€™ is not a member of â€˜[01m[Kmy_interfaces::srv[m[Kâ€™
   13 | void serviceFunction(const std::shared_ptr<my_interfaces::srv::[01;31m[KBool[m[K::Request> request, std::shared_ptr<my_interfaces::srv::Bool::Response> response)
      |                                                                [01;31m[K^~~~[m[K
[01m[K/home/user/template_ws/src/robot_srv_pkg/src/robot_srv_node.cpp:13:77:[m[K [01;31m[Kerror: [m[Ktemplate argument 1 is invalid
   13 | void serviceFunction(const std::shared_ptr<my_interfaces::srv::Bool::Request[01;31m[K>[m[K request, std::shared_ptr<my_interfaces::srv::Bool::Response> response)
      |                                                                             [01;31m[K^[m[K
[01m[K/home/user/template_ws/src/robot_srv_pkg/src/robot_srv_node.cpp:13:64:[m[K [01;31m[Kerror: [m[Kâ€˜[01m[KBool[m[Kâ€™ is not a member of â€˜[01m[Kmy_interfaces::srv[m[Kâ€™
   13 | void serviceFunction(const std::shared_ptr<my_interfaces::srv::[01;31m[KBool[m[K::Request> request, std::shared_ptr<my_interfaces::srv::Bool::Response> response)
      |                                                                [01;31m[K^~~~[m[K
[01m[K/home/user/template_ws/src/robot_srv_pkg/src/robot_srv_node.cpp:13:77:[m[K [01;31m[Kerror: [m[Ktemplate argument 1 is invalid
   13 | void serviceFunction(const std::shared_ptr<my_interfaces::srv::Bool::Request[01;31m[K>[m[K request, std::shared_ptr<my_interfaces::srv::Bool::Response> response)
      |                                                                             [01;31m[K^[m[K
[01m[K/home/user/template_ws/src/robot_srv_pkg/src/robot_srv_node.cpp:13:64:[m[K [01;31m[Kerror: [m[Kâ€˜[01m[KBool[m[Kâ€™ is not a member of â€˜[01m[Kmy_interfaces::srv[m[Kâ€™
   13 | void serviceFunction(const std::shared_ptr<my_interfaces::srv::[01;31m[KBool[m[K::Request> request, std::shared_ptr<my_interfaces::srv::Bool::Response> response)
      |                                                                [01;31m[K^~~~[m[K
[01m[K/home/user/template_ws/src/robot_srv_pkg/src/robot_srv_node.cpp:13:77:[m[K [01;31m[Kerror: [m[Ktemplate argument 1 is invalid
   13 | void serviceFunction(const std::shared_ptr<my_interfaces::srv::Bool::Request[01;31m[K>[m[K request, std::shared_ptr<my_interfaces::srv::Bool::Response> response)
      |                                                                             [01;31m[K^[m[K
[01m[K/home/user/template_ws/src/robot_srv_pkg/src/robot_srv_node.cpp:13:28:[m[K [01;31m[Kerror: [m[Kinvalid template-id
   13 | void serviceFunction(const [01;31m[Kstd[m[K::shared_ptr<my_interfaces::srv::Bool::Request> request, std::shared_ptr<my_interfaces::srv::Bool::Response> response)
      |                            [01;31m[K^~~[m[K
[01m[K/home/user/template_ws/src/robot_srv_pkg/src/robot_srv_node.cpp:13:64:[m[K [01;31m[Kerror: [m[Kâ€˜[01m[KBool[m[Kâ€™ is not a member of â€˜[01m[Kmy_interfaces::srv[m[Kâ€™
   13 | void serviceFunction(const std::shared_ptr<my_interfaces::srv::[01;31m[KBool[m[K::Request> request, std::shared_ptr<my_interfaces::srv::Bool::Response> response)
      |                                                                [01;31m[K^~~~[m[K
[01m[K/home/user/template_ws/src/robot_srv_pkg/src/robot_srv_node.cpp:13:6:[m[K [01;31m[Kerror: [m[Kvariable or field â€˜[01m[KserviceFunction[m[Kâ€™ declared void
   13 | void [01;31m[KserviceFunction[m[K(const std::shared_ptr<my_interfaces::srv::Bool::Request> request, std::shared_ptr<my_interfaces::srv::Bool::Response> response)
      |      [01;31m[K^~~~~~~~~~~~~~~[m[K
[01m[K/home/user/template_ws/src/robot_srv_pkg/src/robot_srv_node.cpp:13:22:[m[K [01;31m[Kerror: [m[Kexpected primary-expression before â€˜[01m[Kconst[m[Kâ€™
   13 | void serviceFunction([01;31m[Kconst[m[K std::shared_ptr<my_interfaces::srv::Bool::Request> request, std::shared_ptr<my_interfaces::srv::Bool::Response> response)
      |                      [01;31m[K^~~~~[m[K
[01m[K/home/user/template_ws/src/robot_srv_pkg/src/robot_srv_node.cpp:13:124:[m[K [01;31m[Kerror: [m[Kâ€˜[01m[KBool[m[Kâ€™ is not a member of â€˜[01m[Kmy_interfaces::srv[m[Kâ€™
   13 | :shared_ptr<my_interfaces::srv::Bool::Request> request, std::shared_ptr<my_interfaces::srv::[01;31m[KBool[m[K::Response> response)
      |                                                                                             [01;31m[K^~~~[m[K

[01m[K/home/user/template_ws/src/robot_srv_pkg/src/robot_srv_node.cpp:13:138:[m[K [01;31m[Kerror: [m[Ktemplate argument 1 is invalid
   13 | _interfaces::srv::Bool::Request> request, std::shared_ptr<my_interfaces::srv::Bool::Response[01;31m[K>[m[K response)
      |                                                                                             [01;31m[K^[m[K

[01m[K/home/user/template_ws/src/robot_srv_pkg/src/robot_srv_node.cpp:[m[K In function â€˜[01m[Kint main(int, char**)[m[Kâ€™:
[01m[K/home/user/template_ws/src/robot_srv_pkg/src/robot_srv_node.cpp:36:139:[m[K [01;31m[Kerror: [m[Kâ€˜[01m[KserviceFunction[m[Kâ€™ was not declared in this scope
   36 | Ints>::SharedPtr service = node->create_service<my_interfaces::srv::AddThreeInts>("bool",  &[01;31m[KserviceFunction[m[K);
      |                                                                                             [01;31m[K^~~~~~~~~~~~~~~[m[K

gmake[2]: *** [CMakeFiles/robot_srv_node.dir/build.make:76: CMakeFiles/robot_srv_node.dir/src/robot_srv_node.cpp.o] Error 1
gmake[1]: *** [CMakeFiles/Makefile2:137: CMakeFiles/robot_srv_node.dir/all] Error 2
gmake: *** [Makefile:146: all] Error 2
