[0.085s] Invoking command in '/home/user/template_ws/build/robot_srv_pkg': CMAKE_PREFIX_PATH=/home/user/template_ws/install/my_interfaces:/home/user/template_ws/install/robot_v2_pkg:/home/user/template_ws/install/robot_pkg:/home/user/ros2_humble/install/rosbag2_storage_mcap:/home/user/ros2_humble/install/rosbag2:/home/user/ros2_humble/install/rosbag2_compression_zstd:/home/user/ros2_humble/install/mcap_vendor:/home/user/ros2_humble/install/zstd_vendor:/home/user/ros2_humble/install/rviz_visual_testing_framework:/home/user/ros2_humble/install/rviz2:/home/user/ros2_humble/install/rviz_default_plugins:/home/user/ros2_humble/install/rviz_common:/home/user/ros2_humble/install/rosbag2_py:/home/user/ros2_humble/install/rosbag2_transport:/home/user/ros2_humble/install/rosbag2_performance_benchmarking:/home/user/ros2_humble/install/rosbag2_compression:/home/user/ros2_humble/install/rosbag2_cpp:/home/user/ros2_humble/install/rosbag2_storage_default_plugins:/home/user/ros2_humble/install/rosbag2_storage:/home/user/ros2_humble/install/image_common:/home/user/ros2_humble/install/camera_info_manager:/home/user/ros2_humble/install/camera_calibration_parsers:/home/user/ros2_humble/install/yaml_cpp_vendor:/home/user/ros2_humble/install/interactive_markers:/home/user/ros2_humble/install/common_interfaces:/home/user/ros2_humble/install/visualization_msgs:/home/user/ros2_humble/install/dummy_robot_bringup:/home/user/ros2_humble/install/robot_state_publisher:/home/user/ros2_humble/install/kdl_parser:/home/user/ros2_humble/install/urdf:/home/user/ros2_humble/install/urdfdom:/home/user/ros2_humble/install/urdf_parser_plugin:/home/user/ros2_humble/install/urdfdom_headers:/home/user/ros2_humble/install/turtlesim:/home/user/ros2_humble/install/geometry2:/home/user/ros2_humble/install/tf2_sensor_msgs:/home/user/ros2_humble/install/test_tf2:/home/user/ros2_humble/install/tf2_kdl:/home/user/ros2_humble/install/tf2_geometry_msgs:/home/user/ros2_humble/install/tf2_eigen:/home/user/ros2_humble/install/tf2_bullet:/home/user/ros2_humble/install/tf2_ros:/home/user/ros2_humble/install/tf2_py:/home/user/ros2_humble/install/tf2_msgs:/home/user/ros2_humble/install/test_msgs:/home/user/ros2_humble/install/sros2_cmake:/home/user/ros2_humble/install/ros2cli_common_extensions:/home/user/ros2_humble/install/rqt_py_common:/home/user/ros2_humble/install/rosbag2_storage_mcap_testdata:/home/user/ros2_humble/install/ros_testing:/home/user/ros2_humble/install/ros2cli_test_interfaces:/home/user/ros2_humble/install/quality_of_service_demo_cpp:/home/user/ros2_humble/install/image_transport:/home/user/ros2_humble/install/message_filters:/home/user/ros2_humble/install/demo_nodes_cpp:/home/user/ros2_humble/install/composition:/home/user/ros2_humble/install/laser_geometry:/home/user/ros2_humble/install/rclpy:/home/user/ros2_humble/install/examples_rclcpp_minimal_action_server:/home/user/ros2_humble/install/examples_rclcpp_minimal_action_client:/home/user/ros2_humble/install/action_tutorials_cpp:/home/user/ros2_humble/install/rclcpp_action:/home/user/ros2_humble/install/rcl_action:/home/user/ros2_humble/install/examples_rclcpp_wait_set:/home/user/ros2_humble/install/examples_rclcpp_minimal_service:/home/user/ros2_humble/install/examples_rclcpp_minimal_client:/home/user/ros2_humble/install/examples_rclcpp_async_client:/home/user/ros2_humble/install/example_interfaces:/home/user/ros2_humble/install/action_tutorials_interfaces:/home/user/ros2_humble/install/action_msgs:/home/user/ros2_humble/install/unique_identifier_msgs:/home/user/ros2_humble/install/ament_lint_common:/home/user/ros2_humble/install/ament_cmake_uncrustify:/home/user/ros2_humble/install/uncrustify_vendor:/home/user/ros2_humble/install/trajectory_msgs:/home/user/ros2_humble/install/topic_statistics_demo:/home/user/ros2_humble/install/pendulum_control:/home/user/ros2_humble/install/tlsf_cpp:/home/user/ros2_humble/install/test_tracetools:/home/user/ros2_humble/install/rqt_gui_cpp:/home/user/ros2_humble/install/rosbag2_test_common:/home/user/ros2_humble/install/ros2lifecycle_test_fixtures:/home/user/ros2_humble/install/lifecycle:/home/user/ros2_humble/install/rclcpp_lifecycle:/home/user/ros2_humble/install/logging_demo:/home/user/ros2_humble/install/image_tools:/home/user/ros2_humble/install/examples_rclcpp_minimal_subscriber:/home/user/ros2_humble/install/examples_rclcpp_minimal_composition:/home/user/ros2_humble/install/demo_nodes_cpp_native:/home/user/ros2_humble/install/rclcpp_components:/home/user/ros2_humble/install/intra_process_demo:/home/user/ros2_humble/install/examples_rclcpp_multithreaded_executor:/home/user/ros2_humble/install/examples_rclcpp_minimal_timer:/home/user/ros2_humble/install/examples_rclcpp_minimal_publisher:/home/user/ros2_humble/install/examples_rclcpp_cbg_executor:/home/user/ros2_humble/install/dummy_sensors:/home/user/ros2_humble/install/dummy_map_server:/home/user/ros2_humble/install/rclcpp:/home/user/ros2_humble/install/rcl_lifecycle:/home/user/ros2_humble/install/libstatistics_collector:/home/user/ros2_humble/install/rcl:/home/user/ros2_humble/install/rmw_implementation:/home/user/ros2_humble/install/rmw_fastrtps_dynamic_cpp:/home/user/ros2_humble/install/rmw_fastrtps_cpp:/home/user/ros2_humble/install/rmw_fastrtps_shared_cpp:/home/user/ros2_humble/install/rmw_cyclonedds_cpp:/home/user/ros2_humble/install/tracetools:/home/user/ros2_humble/install/tlsf:/home/user/ros2_humble/install/tinyxml_vendor:/home/user/ros2_humble/install/qt_gui_core:/home/user/ros2_humble/install/qt_gui_cpp:/home/user/ros2_humble/install/pluginlib:/home/user/ros2_humble/install/tinyxml2_vendor:/home/user/ros2_humble/install/tf2_eigen_kdl:/home/user/ros2_humble/install/tf2:/home/user/ros2_humble/install/test_security:/home/user/ros2_humble/install/test_rmw_implementation:/home/user/ros2_humble/install/test_rclcpp:/home/user/ros2_humble/install/test_quality_of_service:/home/user/ros2_humble/install/test_launch_testing:/home/user/ros2_humble/install/test_interface_files:/home/user/ros2_humble/install/test_communication:/home/user/ros2_humble/install/test_cli_remapping:/home/user/ros2_humble/install/test_cli:/home/user/ros2_humble/install/qt_gui_app:/home/user/ros2_humble/install/qt_gui:/home/user/ros2_humble/install/tango_icons_vendor:/home/user/ros2_humble/install/stereo_msgs:/home/user/ros2_humble/install/std_srvs:/home/user/ros2_humble/install/shape_msgs:/home/user/ros2_humble/install/map_msgs:/home/user/ros2_humble/install/sensor_msgs:/home/user/ros2_humble/install/nav_msgs:/home/user/ros2_humble/install/diagnostic_msgs:/home/user/ros2_humble/install/geometry_msgs:/home/user/ros2_humble/install/actionlib_msgs:/home/user/ros2_humble/install/std_msgs:/home/user/ros2_humble/install/statistics_msgs:/home/user/ros2_humble/install/sqlite3_vendor:/home/user/ros2_humble/install/rcl_logging_spdlog:/home/user/ros2_humble/install/spdlog_vendor:/home/user/ros2_humble/install/shared_queues_vendor:/home/user/ros2_humble/install/rviz_rendering_tests:/home/user/ros2_humble/install/rviz_rendering:/home/user/ros2_humble/install/rviz_ogre_vendor:/home/user/ros2_humble/install/rviz_assimp_vendor:/home/user/ros2_humble/install/rttest:/home/user/ros2_humble/install/rmw_connextddsmicro:/home/user/ros2_humble/install/rmw_connextdds:/home/user/ros2_humble/install/rmw_connextdds_common:/home/user/ros2_humble/install/rti_connext_dds_cmake_module:/home/user/ros2_humble/install/rosgraph_msgs:/home/user/ros2_humble/install/rosbag2_interfaces:/home/user/ros2_humble/install/rmw_dds_common:/home/user/ros2_humble/install/composition_interfaces:/home/user/ros2_humble/install/rcl_interfaces:/home/user/ros2_humble/install/pendulum_msgs:/home/user/ros2_humble/install/lifecycle_msgs:/home/user/ros2_humble/install/builtin_interfaces:/home/user/ros2_humble/install/rosidl_default_runtime:/home/user/ros2_humble/install/rosidl_default_generators:/home/user/ros2_humble/install/rosidl_generator_py:/home/user/ros2_humble/install/rosidl_typesupport_introspection_tests:/home/user/ros2_humble/install/rosidl_typesupport_cpp:/home/user/ros2_humble/install/rosidl_typesupport_introspection_cpp:/home/user/ros2_humble/install/rosidl_typesupport_c:/home/user/ros2_humble/install/rosidl_typesupport_introspection_c:/home/user/ros2_humble/install/rosidl_typesupport_fastrtps_c:/home/user/ros2_humble/install/rosidl_typesupport_fastrtps_cpp:/home/user/ros2_humble/install/rosidl_generator_cpp:/home/user/ros2_humble/install/rosidl_runtime_cpp:/home/user/ros2_humble/install/rcl_yaml_param_parser:/home/user/ros2_humble/install/rmw:/home/user/ros2_humble/install/rosidl_runtime_c:/home/user/ros2_humble/install/rosidl_generator_c:/home/user/ros2_humble/install/rosidl_typesupport_interface:/home/user/ros2_humble/install/rosidl_generator_dds_idl:/home/user/ros2_humble/install/rosidl_cmake:/home/user/ros2_humble/install/rosidl_parser:/home/user/ros2_humble/install/rosidl_adapter:/home/user/ros2_humble/install/rosbag2_tests:/home/user/ros2_humble/install/ros_environment:/home/user/ros2_humble/install/rmw_implementation_cmake:/home/user/ros2_humble/install/resource_retriever:/home/user/ros2_humble/install/class_loader:/home/user/ros2_humble/install/rcpputils:/home/user/ros2_humble/install/rcl_logging_noop:/home/user/ros2_humble/install/rcl_logging_interface:/home/user/ros2_humble/install/rcutils:/home/user/ros2_humble/install/qt_gui_py_common:/home/user/ros2_humble/install/qt_dotgraph:/home/user/ros2_humble/install/python_qt_binding:/home/user/ros2_humble/install/python_orocos_kdl_vendor:/home/user/ros2_humble/install/launch_testing_ament_cmake:/home/user/ros2_humble/install/python_cmake_module:/home/user/ros2_humble/install/pybind11_vendor:/home/user/ros2_humble/install/performance_test_fixture:/home/user/ros2_humble/install/osrf_testing_tools_cpp:/home/user/ros2_humble/install/orocos_kdl_vendor:/home/user/ros2_humble/install/mimick_vendor:/home/user/ros2_humble/install/libyaml_vendor:/home/user/ros2_humble/install/libcurl_vendor:/home/user/ros2_humble/install/keyboard_handler:/home/user/ros2_humble/install/cyclonedds:/home/user/ros2_humble/install/iceoryx_posh:/home/user/ros2_humble/install/iceoryx_hoofs:/home/user/ros2_humble/install/iceoryx_binding_c:/home/user/ros2_humble/install/ament_cmake_ros:/home/user/ros2_humble/install/ament_cmake_gmock:/home/user/ros2_humble/install/gmock_vendor:/home/user/ros2_humble/install/ament_cmake_auto:/home/user/ros2_humble/install/ament_cmake_gtest:/home/user/ros2_humble/install/gtest_vendor:/home/user/ros2_humble/install/ament_cmake_google_benchmark:/home/user/ros2_humble/install/google_benchmark_vendor:/home/user/ros2_humble/install/fastrtps:/home/user/ros2_humble/install/foonathan_memory_vendor:/home/user/ros2_humble/install/fastrtps_cmake_module:/home/user/ros2_humble/install/fastcdr:/home/user/ros2_humble/install/eigen3_cmake_module:/home/user/ros2_humble/install/console_bridge_vendor:/home/user/ros2_humble/install/ament_cmake_xmllint:/home/user/ros2_humble/install/ament_cmake_pyflakes:/home/user/ros2_humble/install/ament_cmake_pycodestyle:/home/user/ros2_humble/install/ament_cmake_pep257:/home/user/ros2_humble/install/ament_cmake_pclint:/home/user/ros2_humble/install/ament_lint_auto:/home/user/ros2_humble/install/ament_cmake:/home/user/ros2_humble/install/ament_cmake_version:/home/user/ros2_humble/install/ament_cmake_vendor_package:/home/user/ros2_humble/install/ament_cmake_pytest:/home/user/ros2_humble/install/ament_cmake_nose:/home/user/ros2_humble/install/ament_cmake_mypy:/home/user/ros2_humble/install/ament_cmake_lint_cmake:/home/user/ros2_humble/install/ament_cmake_flake8:/home/user/ros2_humble/install/ament_cmake_cpplint:/home/user/ros2_humble/install/ament_cmake_cppcheck:/home/user/ros2_humble/install/ament_cmake_copyright:/home/user/ros2_humble/install/ament_cmake_clang_tidy:/home/user/ros2_humble/install/ament_cmake_clang_format:/home/user/ros2_humble/install/ament_cmake_test:/home/user/ros2_humble/install/ament_cmake_target_dependencies:/home/user/ros2_humble/install/ament_cmake_python:/home/user/ros2_humble/install/ament_cmake_export_dependencies:/home/user/ros2_humble/install/ament_cmake_libraries:/home/user/ros2_humble/install/ament_cmake_include_directories:/home/user/ros2_humble/install/ament_cmake_gen_version_h:/home/user/ros2_humble/install/ament_cmake_export_targets:/home/user/ros2_humble/install/ament_cmake_export_link_flags:/home/user/ros2_humble/install/ament_cmake_export_interfaces:/home/user/ros2_humble/install/ament_cmake_export_libraries:/home/user/ros2_humble/install/ament_cmake_export_include_directories:/home/user/ros2_humble/install/ament_cmake_export_definitions:/home/user/ros2_humble/install/ament_cmake_core:/home/user/ros2_humble/install/ament_index_cpp:/home/user/template_ws/install/camera_v2_pkg:/home/user/template_ws/install/camera_pkg:/home/user/ros2_humble/install/rqt_bag_plugins:/home/user/ros2_humble/install/rqt_bag:/home/user/ros2_humble/install/ros2bag:/home/user/ros2_humble/install/tracetools_test:/home/user/ros2_humble/install/tracetools_launch:/home/user/ros2_humble/install/topic_monitor:/home/user/ros2_humble/install/tf2_tools:/home/user/ros2_humble/install/examples_tf2_py:/home/user/ros2_humble/install/tf2_ros_py:/home/user/ros2_humble/install/sros2:/home/user/ros2_humble/install/rqt_topic:/home/user/ros2_humble/install/rqt_srv:/home/user/ros2_humble/install/rqt_shell:/home/user/ros2_humble/install/rqt_service_caller:/home/user/ros2_humble/install/rqt_reconfigure:/home/user/ros2_humble/install/rqt_py_console:/home/user/ros2_humble/install/rqt_publisher:/home/user/ros2_humble/install/rqt_plot:/home/user/ros2_humble/install/rqt_action:/home/user/ros2_humble/install/rqt_msg:/home/user/ros2_humble/install/rqt_console:/home/user/ros2_humble/install/rqt:/home/user/ros2_humble/install/rqt_graph:/home/user/ros2_humble/install/rqt_gui_py:/home/user/ros2_humble/install/rqt_gui:/home/user/ros2_humble/install/ros2trace:/home/user/ros2_humble/install/ros2topic:/home/user/ros2_humble/install/ros2test:/home/user/ros2_humble/install/ros2component:/home/user/ros2_humble/install/ros2param:/home/user/ros2_humble/install/ros2lifecycle:/home/user/ros2_humble/install/ros2service:/home/user/ros2_humble/install/ros2run:/home/user/ros2_humble/install/ros2launch:/home/user/ros2_humble/install/ros2pkg:/home/user/ros2_humble/install/ros2node:/home/user/ros2_humble/install/ros2multicast:/home/user/ros2_humble/install/ros2interface:/home/user/ros2_humble/install/ros2doctor:/home/user/ros2_humble/install/ros2action:/home/user/ros2_humble/install/ros2cli:/home/user/ros2_humble/install/quality_of_service_demo_py:/home/user/ros2_humble/install/lifecycle_py:/home/user/ros2_humble/install/launch_testing_ros:/home/user/ros2_humble/install/launch_ros:/home/user/ros2_humble/install/examples_rclpy_pointcloud_publisher:/home/user/ros2_humble/install/examples_rclpy_minimal_subscriber:/home/user/ros2_humble/install/examples_rclpy_minimal_service:/home/user/ros2_humble/install/examples_rclpy_minimal_publisher:/home/user/ros2_humble/install/examples_rclpy_minimal_client:/home/user/ros2_humble/install/examples_rclpy_minimal_action_server:/home/user/ros2_humble/install/examples_rclpy_minimal_action_client:/home/user/ros2_humble/install/examples_rclpy_guard_conditions:/home/user/ros2_humble/install/examples_rclpy_executors:/home/user/ros2_humble/install/demo_nodes_py:/home/user/ros2_humble/install/action_tutorials_py:/home/user/ros2_humble/install/ament_uncrustify:/home/user/ros2_humble/install/tracetools_trace:/home/user/ros2_humble/install/tracetools_read:/home/user/ros2_humble/install/test_tracetools_launch:/home/user/ros2_humble/install/test_launch_ros:/home/user/ros2_humble/install/sensor_msgs_py:/home/user/ros2_humble/install/rpyutils:/home/user/ros2_humble/install/rosidl_runtime_py:/home/user/ros2_humble/install/rosidl_cli:/home/user/ros2_humble/install/launch_pytest:/home/user/ros2_humble/install/launch_testing:/home/user/ros2_humble/install/launch_yaml:/home/user/ros2_humble/install/launch_xml:/home/user/ros2_humble/install/launch:/home/user/ros2_humble/install/osrf_pycommon:/home/user/ros2_humble/install/launch_testing_examples:/home/user/ros2_humble/install/domain_coordinator:/home/user/ros2_humble/install/ament_xmllint:/home/user/ros2_humble/install/ament_pyflakes:/home/user/ros2_humble/install/ament_pycodestyle:/home/user/ros2_humble/install/ament_pep257:/home/user/ros2_humble/install/ament_pclint:/home/user/ros2_humble/install/ament_package:/home/user/ros2_humble/install/ament_mypy:/home/user/ros2_humble/install/ament_lint_cmake:/home/user/ros2_humble/install/ament_flake8:/home/user/ros2_humble/install/ament_copyright:/home/user/ros2_humble/install/ament_lint:/home/user/ros2_humble/install/ament_index_python:/home/user/ros2_humble/install/ament_cpplint:/home/user/ros2_humble/install/ament_cppcheck:/home/user/ros2_humble/install/ament_clang_tidy:/home/user/ros2_humble/install/ament_clang_format /usr/bin/cmake /home/user/template_ws/src/robot_srv_pkg -DAMENT_CMAKE_SYMLINK_INSTALL=1 -DCMAKE_INSTALL_PREFIX=/home/user/template_ws/install/robot_srv_pkg
[0.256s] -- The C compiler identification is GNU 11.4.0
[0.367s] -- The CXX compiler identification is GNU 11.4.0
[0.383s] -- Detecting C compiler ABI info
[0.609s] -- Detecting C compiler ABI info - done
[0.620s] -- Check for working C compiler: /usr/bin/cc - skipped
[0.620s] -- Detecting C compile features
[0.621s] -- Detecting C compile features - done
[0.625s] -- Detecting CXX compiler ABI info
[0.856s] -- Detecting CXX compiler ABI info - done
[0.866s] -- Check for working CXX compiler: /usr/bin/c++ - skipped
[0.866s] -- Detecting CXX compile features
[0.867s] -- Detecting CXX compile features - done
[0.909s] -- Found ament_cmake: 1.3.5 (/home/user/ros2_humble/install/ament_cmake/share/ament_cmake/cmake)
[2.327s] -- Found Python3: /usr/bin/python3.10 (found version "3.10.12") found components: Interpreter 
[2.940s] -- Override CMake install command with custom implementation using symlinks instead of copying resources
[3.611s] -- Found rclcpp: 16.0.4 (/home/user/ros2_humble/install/rclcpp/share/rclcpp/cmake)
[4.088s] -- Found rosidl_generator_c: 3.1.4 (/home/user/ros2_humble/install/rosidl_generator_c/share/rosidl_generator_c/cmake)
[4.154s] -- Found rosidl_adapter: 3.1.4 (/home/user/ros2_humble/install/rosidl_adapter/share/rosidl_adapter/cmake)
[4.234s] -- Found rosidl_generator_cpp: 3.1.4 (/home/user/ros2_humble/install/rosidl_generator_cpp/share/rosidl_generator_cpp/cmake)
[4.378s] -- Using all available rosidl_typesupport_c: rosidl_typesupport_introspection_c;rosidl_typesupport_fastrtps_c
[4.567s] -- Using all available rosidl_typesupport_cpp: rosidl_typesupport_introspection_cpp;rosidl_typesupport_fastrtps_cpp
[4.998s] -- Found rmw_implementation_cmake: 6.1.1 (/home/user/ros2_humble/install/rmw_implementation_cmake/share/rmw_implementation_cmake/cmake)
[5.056s] -- Found rmw_fastrtps_cpp: 6.2.2 (/home/user/ros2_humble/install/rmw_fastrtps_cpp/share/rmw_fastrtps_cpp/cmake)
[5.790s] -- Found OpenSSL: /usr/lib/x86_64-linux-gnu/libcrypto.so (found version "3.0.2")  
[5.920s] -- Found FastRTPS: /home/user/ros2_humble/install/fastrtps/include  
[6.155s] -- Using RMW implementation 'rmw_fastrtps_cpp' as default
[6.267s] -- Looking for pthread.h
[6.487s] -- Looking for pthread.h - found
[6.488s] -- Performing Test CMAKE_HAVE_LIBC_PTHREAD
[6.717s] -- Performing Test CMAKE_HAVE_LIBC_PTHREAD - Success
[6.719s] -- Found Threads: TRUE  
[7.074s] -- Found my_interfaces: 0.0.0 (/home/user/template_ws/install/my_interfaces/share/my_interfaces/cmake)
[7.816s] -- Configuring done
[7.845s] -- Generating done
[7.848s] -- Build files have been written to: /home/user/template_ws/build/robot_srv_pkg
[7.864s] Invoked command in '/home/user/template_ws/build/robot_srv_pkg' returned '0': CMAKE_PREFIX_PATH=/home/user/template_ws/install/my_interfaces:/home/user/template_ws/install/robot_v2_pkg:/home/user/template_ws/install/robot_pkg:/home/user/ros2_humble/install/rosbag2_storage_mcap:/home/user/ros2_humble/install/rosbag2:/home/user/ros2_humble/install/rosbag2_compression_zstd:/home/user/ros2_humble/install/mcap_vendor:/home/user/ros2_humble/install/zstd_vendor:/home/user/ros2_humble/install/rviz_visual_testing_framework:/home/user/ros2_humble/install/rviz2:/home/user/ros2_humble/install/rviz_default_plugins:/home/user/ros2_humble/install/rviz_common:/home/user/ros2_humble/install/rosbag2_py:/home/user/ros2_humble/install/rosbag2_transport:/home/user/ros2_humble/install/rosbag2_performance_benchmarking:/home/user/ros2_humble/install/rosbag2_compression:/home/user/ros2_humble/install/rosbag2_cpp:/home/user/ros2_humble/install/rosbag2_storage_default_plugins:/home/user/ros2_humble/install/rosbag2_storage:/home/user/ros2_humble/install/image_common:/home/user/ros2_humble/install/camera_info_manager:/home/user/ros2_humble/install/camera_calibration_parsers:/home/user/ros2_humble/install/yaml_cpp_vendor:/home/user/ros2_humble/install/interactive_markers:/home/user/ros2_humble/install/common_interfaces:/home/user/ros2_humble/install/visualization_msgs:/home/user/ros2_humble/install/dummy_robot_bringup:/home/user/ros2_humble/install/robot_state_publisher:/home/user/ros2_humble/install/kdl_parser:/home/user/ros2_humble/install/urdf:/home/user/ros2_humble/install/urdfdom:/home/user/ros2_humble/install/urdf_parser_plugin:/home/user/ros2_humble/install/urdfdom_headers:/home/user/ros2_humble/install/turtlesim:/home/user/ros2_humble/install/geometry2:/home/user/ros2_humble/install/tf2_sensor_msgs:/home/user/ros2_humble/install/test_tf2:/home/user/ros2_humble/install/tf2_kdl:/home/user/ros2_humble/install/tf2_geometry_msgs:/home/user/ros2_humble/install/tf2_eigen:/home/user/ros2_humble/install/tf2_bullet:/home/user/ros2_humble/install/tf2_ros:/home/user/ros2_humble/install/tf2_py:/home/user/ros2_humble/install/tf2_msgs:/home/user/ros2_humble/install/test_msgs:/home/user/ros2_humble/install/sros2_cmake:/home/user/ros2_humble/install/ros2cli_common_extensions:/home/user/ros2_humble/install/rqt_py_common:/home/user/ros2_humble/install/rosbag2_storage_mcap_testdata:/home/user/ros2_humble/install/ros_testing:/home/user/ros2_humble/install/ros2cli_test_interfaces:/home/user/ros2_humble/install/quality_of_service_demo_cpp:/home/user/ros2_humble/install/image_transport:/home/user/ros2_humble/install/message_filters:/home/user/ros2_humble/install/demo_nodes_cpp:/home/user/ros2_humble/install/composition:/home/user/ros2_humble/install/laser_geometry:/home/user/ros2_humble/install/rclpy:/home/user/ros2_humble/install/examples_rclcpp_minimal_action_server:/home/user/ros2_humble/install/examples_rclcpp_minimal_action_client:/home/user/ros2_humble/install/action_tutorials_cpp:/home/user/ros2_humble/install/rclcpp_action:/home/user/ros2_humble/install/rcl_action:/home/user/ros2_humble/install/examples_rclcpp_wait_set:/home/user/ros2_humble/install/examples_rclcpp_minimal_service:/home/user/ros2_humble/install/examples_rclcpp_minimal_client:/home/user/ros2_humble/install/examples_rclcpp_async_client:/home/user/ros2_humble/install/example_interfaces:/home/user/ros2_humble/install/action_tutorials_interfaces:/home/user/ros2_humble/install/action_msgs:/home/user/ros2_humble/install/unique_identifier_msgs:/home/user/ros2_humble/install/ament_lint_common:/home/user/ros2_humble/install/ament_cmake_uncrustify:/home/user/ros2_humble/install/uncrustify_vendor:/home/user/ros2_humble/install/trajectory_msgs:/home/user/ros2_humble/install/topic_statistics_demo:/home/user/ros2_humble/install/pendulum_control:/home/user/ros2_humble/install/tlsf_cpp:/home/user/ros2_humble/install/test_tracetools:/home/user/ros2_humble/install/rqt_gui_cpp:/home/user/ros2_humble/install/rosbag2_test_common:/home/user/ros2_humble/install/ros2lifecycle_test_fixtures:/home/user/ros2_humble/install/lifecycle:/home/user/ros2_humble/install/rclcpp_lifecycle:/home/user/ros2_humble/install/logging_demo:/home/user/ros2_humble/install/image_tools:/home/user/ros2_humble/install/examples_rclcpp_minimal_subscriber:/home/user/ros2_humble/install/examples_rclcpp_minimal_composition:/home/user/ros2_humble/install/demo_nodes_cpp_native:/home/user/ros2_humble/install/rclcpp_components:/home/user/ros2_humble/install/intra_process_demo:/home/user/ros2_humble/install/examples_rclcpp_multithreaded_executor:/home/user/ros2_humble/install/examples_rclcpp_minimal_timer:/home/user/ros2_humble/install/examples_rclcpp_minimal_publisher:/home/user/ros2_humble/install/examples_rclcpp_cbg_executor:/home/user/ros2_humble/install/dummy_sensors:/home/user/ros2_humble/install/dummy_map_server:/home/user/ros2_humble/install/rclcpp:/home/user/ros2_humble/install/rcl_lifecycle:/home/user/ros2_humble/install/libstatistics_collector:/home/user/ros2_humble/install/rcl:/home/user/ros2_humble/install/rmw_implementation:/home/user/ros2_humble/install/rmw_fastrtps_dynamic_cpp:/home/user/ros2_humble/install/rmw_fastrtps_cpp:/home/user/ros2_humble/install/rmw_fastrtps_shared_cpp:/home/user/ros2_humble/install/rmw_cyclonedds_cpp:/home/user/ros2_humble/install/tracetools:/home/user/ros2_humble/install/tlsf:/home/user/ros2_humble/install/tinyxml_vendor:/home/user/ros2_humble/install/qt_gui_core:/home/user/ros2_humble/install/qt_gui_cpp:/home/user/ros2_humble/install/pluginlib:/home/user/ros2_humble/install/tinyxml2_vendor:/home/user/ros2_humble/install/tf2_eigen_kdl:/home/user/ros2_humble/install/tf2:/home/user/ros2_humble/install/test_security:/home/user/ros2_humble/install/test_rmw_implementation:/home/user/ros2_humble/install/test_rclcpp:/home/user/ros2_humble/install/test_quality_of_service:/home/user/ros2_humble/install/test_launch_testing:/home/user/ros2_humble/install/test_interface_files:/home/user/ros2_humble/install/test_communication:/home/user/ros2_humble/install/test_cli_remapping:/home/user/ros2_humble/install/test_cli:/home/user/ros2_humble/install/qt_gui_app:/home/user/ros2_humble/install/qt_gui:/home/user/ros2_humble/install/tango_icons_vendor:/home/user/ros2_humble/install/stereo_msgs:/home/user/ros2_humble/install/std_srvs:/home/user/ros2_humble/install/shape_msgs:/home/user/ros2_humble/install/map_msgs:/home/user/ros2_humble/install/sensor_msgs:/home/user/ros2_humble/install/nav_msgs:/home/user/ros2_humble/install/diagnostic_msgs:/home/user/ros2_humble/install/geometry_msgs:/home/user/ros2_humble/install/actionlib_msgs:/home/user/ros2_humble/install/std_msgs:/home/user/ros2_humble/install/statistics_msgs:/home/user/ros2_humble/install/sqlite3_vendor:/home/user/ros2_humble/install/rcl_logging_spdlog:/home/user/ros2_humble/install/spdlog_vendor:/home/user/ros2_humble/install/shared_queues_vendor:/home/user/ros2_humble/install/rviz_rendering_tests:/home/user/ros2_humble/install/rviz_rendering:/home/user/ros2_humble/install/rviz_ogre_vendor:/home/user/ros2_humble/install/rviz_assimp_vendor:/home/user/ros2_humble/install/rttest:/home/user/ros2_humble/install/rmw_connextddsmicro:/home/user/ros2_humble/install/rmw_connextdds:/home/user/ros2_humble/install/rmw_connextdds_common:/home/user/ros2_humble/install/rti_connext_dds_cmake_module:/home/user/ros2_humble/install/rosgraph_msgs:/home/user/ros2_humble/install/rosbag2_interfaces:/home/user/ros2_humble/install/rmw_dds_common:/home/user/ros2_humble/install/composition_interfaces:/home/user/ros2_humble/install/rcl_interfaces:/home/user/ros2_humble/install/pendulum_msgs:/home/user/ros2_humble/install/lifecycle_msgs:/home/user/ros2_humble/install/builtin_interfaces:/home/user/ros2_humble/install/rosidl_default_runtime:/home/user/ros2_humble/install/rosidl_default_generators:/home/user/ros2_humble/install/rosidl_generator_py:/home/user/ros2_humble/install/rosidl_typesupport_introspection_tests:/home/user/ros2_humble/install/rosidl_typesupport_cpp:/home/user/ros2_humble/install/rosidl_typesupport_introspection_cpp:/home/user/ros2_humble/install/rosidl_typesupport_c:/home/user/ros2_humble/install/rosidl_typesupport_introspection_c:/home/user/ros2_humble/install/rosidl_typesupport_fastrtps_c:/home/user/ros2_humble/install/rosidl_typesupport_fastrtps_cpp:/home/user/ros2_humble/install/rosidl_generator_cpp:/home/user/ros2_humble/install/rosidl_runtime_cpp:/home/user/ros2_humble/install/rcl_yaml_param_parser:/home/user/ros2_humble/install/rmw:/home/user/ros2_humble/install/rosidl_runtime_c:/home/user/ros2_humble/install/rosidl_generator_c:/home/user/ros2_humble/install/rosidl_typesupport_interface:/home/user/ros2_humble/install/rosidl_generator_dds_idl:/home/user/ros2_humble/install/rosidl_cmake:/home/user/ros2_humble/install/rosidl_parser:/home/user/ros2_humble/install/rosidl_adapter:/home/user/ros2_humble/install/rosbag2_tests:/home/user/ros2_humble/install/ros_environment:/home/user/ros2_humble/install/rmw_implementation_cmake:/home/user/ros2_humble/install/resource_retriever:/home/user/ros2_humble/install/class_loader:/home/user/ros2_humble/install/rcpputils:/home/user/ros2_humble/install/rcl_logging_noop:/home/user/ros2_humble/install/rcl_logging_interface:/home/user/ros2_humble/install/rcutils:/home/user/ros2_humble/install/qt_gui_py_common:/home/user/ros2_humble/install/qt_dotgraph:/home/user/ros2_humble/install/python_qt_binding:/home/user/ros2_humble/install/python_orocos_kdl_vendor:/home/user/ros2_humble/install/launch_testing_ament_cmake:/home/user/ros2_humble/install/python_cmake_module:/home/user/ros2_humble/install/pybind11_vendor:/home/user/ros2_humble/install/performance_test_fixture:/home/user/ros2_humble/install/osrf_testing_tools_cpp:/home/user/ros2_humble/install/orocos_kdl_vendor:/home/user/ros2_humble/install/mimick_vendor:/home/user/ros2_humble/install/libyaml_vendor:/home/user/ros2_humble/install/libcurl_vendor:/home/user/ros2_humble/install/keyboard_handler:/home/user/ros2_humble/install/cyclonedds:/home/user/ros2_humble/install/iceoryx_posh:/home/user/ros2_humble/install/iceoryx_hoofs:/home/user/ros2_humble/install/iceoryx_binding_c:/home/user/ros2_humble/install/ament_cmake_ros:/home/user/ros2_humble/install/ament_cmake_gmock:/home/user/ros2_humble/install/gmock_vendor:/home/user/ros2_humble/install/ament_cmake_auto:/home/user/ros2_humble/install/ament_cmake_gtest:/home/user/ros2_humble/install/gtest_vendor:/home/user/ros2_humble/install/ament_cmake_google_benchmark:/home/user/ros2_humble/install/google_benchmark_vendor:/home/user/ros2_humble/install/fastrtps:/home/user/ros2_humble/install/foonathan_memory_vendor:/home/user/ros2_humble/install/fastrtps_cmake_module:/home/user/ros2_humble/install/fastcdr:/home/user/ros2_humble/install/eigen3_cmake_module:/home/user/ros2_humble/install/console_bridge_vendor:/home/user/ros2_humble/install/ament_cmake_xmllint:/home/user/ros2_humble/install/ament_cmake_pyflakes:/home/user/ros2_humble/install/ament_cmake_pycodestyle:/home/user/ros2_humble/install/ament_cmake_pep257:/home/user/ros2_humble/install/ament_cmake_pclint:/home/user/ros2_humble/install/ament_lint_auto:/home/user/ros2_humble/install/ament_cmake:/home/user/ros2_humble/install/ament_cmake_version:/home/user/ros2_humble/install/ament_cmake_vendor_package:/home/user/ros2_humble/install/ament_cmake_pytest:/home/user/ros2_humble/install/ament_cmake_nose:/home/user/ros2_humble/install/ament_cmake_mypy:/home/user/ros2_humble/install/ament_cmake_lint_cmake:/home/user/ros2_humble/install/ament_cmake_flake8:/home/user/ros2_humble/install/ament_cmake_cpplint:/home/user/ros2_humble/install/ament_cmake_cppcheck:/home/user/ros2_humble/install/ament_cmake_copyright:/home/user/ros2_humble/install/ament_cmake_clang_tidy:/home/user/ros2_humble/install/ament_cmake_clang_format:/home/user/ros2_humble/install/ament_cmake_test:/home/user/ros2_humble/install/ament_cmake_target_dependencies:/home/user/ros2_humble/install/ament_cmake_python:/home/user/ros2_humble/install/ament_cmake_export_dependencies:/home/user/ros2_humble/install/ament_cmake_libraries:/home/user/ros2_humble/install/ament_cmake_include_directories:/home/user/ros2_humble/install/ament_cmake_gen_version_h:/home/user/ros2_humble/install/ament_cmake_export_targets:/home/user/ros2_humble/install/ament_cmake_export_link_flags:/home/user/ros2_humble/install/ament_cmake_export_interfaces:/home/user/ros2_humble/install/ament_cmake_export_libraries:/home/user/ros2_humble/install/ament_cmake_export_include_directories:/home/user/ros2_humble/install/ament_cmake_export_definitions:/home/user/ros2_humble/install/ament_cmake_core:/home/user/ros2_humble/install/ament_index_cpp:/home/user/template_ws/install/camera_v2_pkg:/home/user/template_ws/install/camera_pkg:/home/user/ros2_humble/install/rqt_bag_plugins:/home/user/ros2_humble/install/rqt_bag:/home/user/ros2_humble/install/ros2bag:/home/user/ros2_humble/install/tracetools_test:/home/user/ros2_humble/install/tracetools_launch:/home/user/ros2_humble/install/topic_monitor:/home/user/ros2_humble/install/tf2_tools:/home/user/ros2_humble/install/examples_tf2_py:/home/user/ros2_humble/install/tf2_ros_py:/home/user/ros2_humble/install/sros2:/home/user/ros2_humble/install/rqt_topic:/home/user/ros2_humble/install/rqt_srv:/home/user/ros2_humble/install/rqt_shell:/home/user/ros2_humble/install/rqt_service_caller:/home/user/ros2_humble/install/rqt_reconfigure:/home/user/ros2_humble/install/rqt_py_console:/home/user/ros2_humble/install/rqt_publisher:/home/user/ros2_humble/install/rqt_plot:/home/user/ros2_humble/install/rqt_action:/home/user/ros2_humble/install/rqt_msg:/home/user/ros2_humble/install/rqt_console:/home/user/ros2_humble/install/rqt:/home/user/ros2_humble/install/rqt_graph:/home/user/ros2_humble/install/rqt_gui_py:/home/user/ros2_humble/install/rqt_gui:/home/user/ros2_humble/install/ros2trace:/home/user/ros2_humble/install/ros2topic:/home/user/ros2_humble/install/ros2test:/home/user/ros2_humble/install/ros2component:/home/user/ros2_humble/install/ros2param:/home/user/ros2_humble/install/ros2lifecycle:/home/user/ros2_humble/install/ros2service:/home/user/ros2_humble/install/ros2run:/home/user/ros2_humble/install/ros2launch:/home/user/ros2_humble/install/ros2pkg:/home/user/ros2_humble/install/ros2node:/home/user/ros2_humble/install/ros2multicast:/home/user/ros2_humble/install/ros2interface:/home/user/ros2_humble/install/ros2doctor:/home/user/ros2_humble/install/ros2action:/home/user/ros2_humble/install/ros2cli:/home/user/ros2_humble/install/quality_of_service_demo_py:/home/user/ros2_humble/install/lifecycle_py:/home/user/ros2_humble/install/launch_testing_ros:/home/user/ros2_humble/install/launch_ros:/home/user/ros2_humble/install/examples_rclpy_pointcloud_publisher:/home/user/ros2_humble/install/examples_rclpy_minimal_subscriber:/home/user/ros2_humble/install/examples_rclpy_minimal_service:/home/user/ros2_humble/install/examples_rclpy_minimal_publisher:/home/user/ros2_humble/install/examples_rclpy_minimal_client:/home/user/ros2_humble/install/examples_rclpy_minimal_action_server:/home/user/ros2_humble/install/examples_rclpy_minimal_action_client:/home/user/ros2_humble/install/examples_rclpy_guard_conditions:/home/user/ros2_humble/install/examples_rclpy_executors:/home/user/ros2_humble/install/demo_nodes_py:/home/user/ros2_humble/install/action_tutorials_py:/home/user/ros2_humble/install/ament_uncrustify:/home/user/ros2_humble/install/tracetools_trace:/home/user/ros2_humble/install/tracetools_read:/home/user/ros2_humble/install/test_tracetools_launch:/home/user/ros2_humble/install/test_launch_ros:/home/user/ros2_humble/install/sensor_msgs_py:/home/user/ros2_humble/install/rpyutils:/home/user/ros2_humble/install/rosidl_runtime_py:/home/user/ros2_humble/install/rosidl_cli:/home/user/ros2_humble/install/launch_pytest:/home/user/ros2_humble/install/launch_testing:/home/user/ros2_humble/install/launch_yaml:/home/user/ros2_humble/install/launch_xml:/home/user/ros2_humble/install/launch:/home/user/ros2_humble/install/osrf_pycommon:/home/user/ros2_humble/install/launch_testing_examples:/home/user/ros2_humble/install/domain_coordinator:/home/user/ros2_humble/install/ament_xmllint:/home/user/ros2_humble/install/ament_pyflakes:/home/user/ros2_humble/install/ament_pycodestyle:/home/user/ros2_humble/install/ament_pep257:/home/user/ros2_humble/install/ament_pclint:/home/user/ros2_humble/install/ament_package:/home/user/ros2_humble/install/ament_mypy:/home/user/ros2_humble/install/ament_lint_cmake:/home/user/ros2_humble/install/ament_flake8:/home/user/ros2_humble/install/ament_copyright:/home/user/ros2_humble/install/ament_lint:/home/user/ros2_humble/install/ament_index_python:/home/user/ros2_humble/install/ament_cpplint:/home/user/ros2_humble/install/ament_cppcheck:/home/user/ros2_humble/install/ament_clang_tidy:/home/user/ros2_humble/install/ament_clang_format /usr/bin/cmake /home/user/template_ws/src/robot_srv_pkg -DAMENT_CMAKE_SYMLINK_INSTALL=1 -DCMAKE_INSTALL_PREFIX=/home/user/template_ws/install/robot_srv_pkg
[7.866s] Invoking command in '/home/user/template_ws/build/robot_srv_pkg': CMAKE_PREFIX_PATH=/home/user/template_ws/install/my_interfaces:/home/user/template_ws/install/robot_v2_pkg:/home/user/template_ws/install/robot_pkg:/home/user/ros2_humble/install/rosbag2_storage_mcap:/home/user/ros2_humble/install/rosbag2:/home/user/ros2_humble/install/rosbag2_compression_zstd:/home/user/ros2_humble/install/mcap_vendor:/home/user/ros2_humble/install/zstd_vendor:/home/user/ros2_humble/install/rviz_visual_testing_framework:/home/user/ros2_humble/install/rviz2:/home/user/ros2_humble/install/rviz_default_plugins:/home/user/ros2_humble/install/rviz_common:/home/user/ros2_humble/install/rosbag2_py:/home/user/ros2_humble/install/rosbag2_transport:/home/user/ros2_humble/install/rosbag2_performance_benchmarking:/home/user/ros2_humble/install/rosbag2_compression:/home/user/ros2_humble/install/rosbag2_cpp:/home/user/ros2_humble/install/rosbag2_storage_default_plugins:/home/user/ros2_humble/install/rosbag2_storage:/home/user/ros2_humble/install/image_common:/home/user/ros2_humble/install/camera_info_manager:/home/user/ros2_humble/install/camera_calibration_parsers:/home/user/ros2_humble/install/yaml_cpp_vendor:/home/user/ros2_humble/install/interactive_markers:/home/user/ros2_humble/install/common_interfaces:/home/user/ros2_humble/install/visualization_msgs:/home/user/ros2_humble/install/dummy_robot_bringup:/home/user/ros2_humble/install/robot_state_publisher:/home/user/ros2_humble/install/kdl_parser:/home/user/ros2_humble/install/urdf:/home/user/ros2_humble/install/urdfdom:/home/user/ros2_humble/install/urdf_parser_plugin:/home/user/ros2_humble/install/urdfdom_headers:/home/user/ros2_humble/install/turtlesim:/home/user/ros2_humble/install/geometry2:/home/user/ros2_humble/install/tf2_sensor_msgs:/home/user/ros2_humble/install/test_tf2:/home/user/ros2_humble/install/tf2_kdl:/home/user/ros2_humble/install/tf2_geometry_msgs:/home/user/ros2_humble/install/tf2_eigen:/home/user/ros2_humble/install/tf2_bullet:/home/user/ros2_humble/install/tf2_ros:/home/user/ros2_humble/install/tf2_py:/home/user/ros2_humble/install/tf2_msgs:/home/user/ros2_humble/install/test_msgs:/home/user/ros2_humble/install/sros2_cmake:/home/user/ros2_humble/install/ros2cli_common_extensions:/home/user/ros2_humble/install/rqt_py_common:/home/user/ros2_humble/install/rosbag2_storage_mcap_testdata:/home/user/ros2_humble/install/ros_testing:/home/user/ros2_humble/install/ros2cli_test_interfaces:/home/user/ros2_humble/install/quality_of_service_demo_cpp:/home/user/ros2_humble/install/image_transport:/home/user/ros2_humble/install/message_filters:/home/user/ros2_humble/install/demo_nodes_cpp:/home/user/ros2_humble/install/composition:/home/user/ros2_humble/install/laser_geometry:/home/user/ros2_humble/install/rclpy:/home/user/ros2_humble/install/examples_rclcpp_minimal_action_server:/home/user/ros2_humble/install/examples_rclcpp_minimal_action_client:/home/user/ros2_humble/install/action_tutorials_cpp:/home/user/ros2_humble/install/rclcpp_action:/home/user/ros2_humble/install/rcl_action:/home/user/ros2_humble/install/examples_rclcpp_wait_set:/home/user/ros2_humble/install/examples_rclcpp_minimal_service:/home/user/ros2_humble/install/examples_rclcpp_minimal_client:/home/user/ros2_humble/install/examples_rclcpp_async_client:/home/user/ros2_humble/install/example_interfaces:/home/user/ros2_humble/install/action_tutorials_interfaces:/home/user/ros2_humble/install/action_msgs:/home/user/ros2_humble/install/unique_identifier_msgs:/home/user/ros2_humble/install/ament_lint_common:/home/user/ros2_humble/install/ament_cmake_uncrustify:/home/user/ros2_humble/install/uncrustify_vendor:/home/user/ros2_humble/install/trajectory_msgs:/home/user/ros2_humble/install/topic_statistics_demo:/home/user/ros2_humble/install/pendulum_control:/home/user/ros2_humble/install/tlsf_cpp:/home/user/ros2_humble/install/test_tracetools:/home/user/ros2_humble/install/rqt_gui_cpp:/home/user/ros2_humble/install/rosbag2_test_common:/home/user/ros2_humble/install/ros2lifecycle_test_fixtures:/home/user/ros2_humble/install/lifecycle:/home/user/ros2_humble/install/rclcpp_lifecycle:/home/user/ros2_humble/install/logging_demo:/home/user/ros2_humble/install/image_tools:/home/user/ros2_humble/install/examples_rclcpp_minimal_subscriber:/home/user/ros2_humble/install/examples_rclcpp_minimal_composition:/home/user/ros2_humble/install/demo_nodes_cpp_native:/home/user/ros2_humble/install/rclcpp_components:/home/user/ros2_humble/install/intra_process_demo:/home/user/ros2_humble/install/examples_rclcpp_multithreaded_executor:/home/user/ros2_humble/install/examples_rclcpp_minimal_timer:/home/user/ros2_humble/install/examples_rclcpp_minimal_publisher:/home/user/ros2_humble/install/examples_rclcpp_cbg_executor:/home/user/ros2_humble/install/dummy_sensors:/home/user/ros2_humble/install/dummy_map_server:/home/user/ros2_humble/install/rclcpp:/home/user/ros2_humble/install/rcl_lifecycle:/home/user/ros2_humble/install/libstatistics_collector:/home/user/ros2_humble/install/rcl:/home/user/ros2_humble/install/rmw_implementation:/home/user/ros2_humble/install/rmw_fastrtps_dynamic_cpp:/home/user/ros2_humble/install/rmw_fastrtps_cpp:/home/user/ros2_humble/install/rmw_fastrtps_shared_cpp:/home/user/ros2_humble/install/rmw_cyclonedds_cpp:/home/user/ros2_humble/install/tracetools:/home/user/ros2_humble/install/tlsf:/home/user/ros2_humble/install/tinyxml_vendor:/home/user/ros2_humble/install/qt_gui_core:/home/user/ros2_humble/install/qt_gui_cpp:/home/user/ros2_humble/install/pluginlib:/home/user/ros2_humble/install/tinyxml2_vendor:/home/user/ros2_humble/install/tf2_eigen_kdl:/home/user/ros2_humble/install/tf2:/home/user/ros2_humble/install/test_security:/home/user/ros2_humble/install/test_rmw_implementation:/home/user/ros2_humble/install/test_rclcpp:/home/user/ros2_humble/install/test_quality_of_service:/home/user/ros2_humble/install/test_launch_testing:/home/user/ros2_humble/install/test_interface_files:/home/user/ros2_humble/install/test_communication:/home/user/ros2_humble/install/test_cli_remapping:/home/user/ros2_humble/install/test_cli:/home/user/ros2_humble/install/qt_gui_app:/home/user/ros2_humble/install/qt_gui:/home/user/ros2_humble/install/tango_icons_vendor:/home/user/ros2_humble/install/stereo_msgs:/home/user/ros2_humble/install/std_srvs:/home/user/ros2_humble/install/shape_msgs:/home/user/ros2_humble/install/map_msgs:/home/user/ros2_humble/install/sensor_msgs:/home/user/ros2_humble/install/nav_msgs:/home/user/ros2_humble/install/diagnostic_msgs:/home/user/ros2_humble/install/geometry_msgs:/home/user/ros2_humble/install/actionlib_msgs:/home/user/ros2_humble/install/std_msgs:/home/user/ros2_humble/install/statistics_msgs:/home/user/ros2_humble/install/sqlite3_vendor:/home/user/ros2_humble/install/rcl_logging_spdlog:/home/user/ros2_humble/install/spdlog_vendor:/home/user/ros2_humble/install/shared_queues_vendor:/home/user/ros2_humble/install/rviz_rendering_tests:/home/user/ros2_humble/install/rviz_rendering:/home/user/ros2_humble/install/rviz_ogre_vendor:/home/user/ros2_humble/install/rviz_assimp_vendor:/home/user/ros2_humble/install/rttest:/home/user/ros2_humble/install/rmw_connextddsmicro:/home/user/ros2_humble/install/rmw_connextdds:/home/user/ros2_humble/install/rmw_connextdds_common:/home/user/ros2_humble/install/rti_connext_dds_cmake_module:/home/user/ros2_humble/install/rosgraph_msgs:/home/user/ros2_humble/install/rosbag2_interfaces:/home/user/ros2_humble/install/rmw_dds_common:/home/user/ros2_humble/install/composition_interfaces:/home/user/ros2_humble/install/rcl_interfaces:/home/user/ros2_humble/install/pendulum_msgs:/home/user/ros2_humble/install/lifecycle_msgs:/home/user/ros2_humble/install/builtin_interfaces:/home/user/ros2_humble/install/rosidl_default_runtime:/home/user/ros2_humble/install/rosidl_default_generators:/home/user/ros2_humble/install/rosidl_generator_py:/home/user/ros2_humble/install/rosidl_typesupport_introspection_tests:/home/user/ros2_humble/install/rosidl_typesupport_cpp:/home/user/ros2_humble/install/rosidl_typesupport_introspection_cpp:/home/user/ros2_humble/install/rosidl_typesupport_c:/home/user/ros2_humble/install/rosidl_typesupport_introspection_c:/home/user/ros2_humble/install/rosidl_typesupport_fastrtps_c:/home/user/ros2_humble/install/rosidl_typesupport_fastrtps_cpp:/home/user/ros2_humble/install/rosidl_generator_cpp:/home/user/ros2_humble/install/rosidl_runtime_cpp:/home/user/ros2_humble/install/rcl_yaml_param_parser:/home/user/ros2_humble/install/rmw:/home/user/ros2_humble/install/rosidl_runtime_c:/home/user/ros2_humble/install/rosidl_generator_c:/home/user/ros2_humble/install/rosidl_typesupport_interface:/home/user/ros2_humble/install/rosidl_generator_dds_idl:/home/user/ros2_humble/install/rosidl_cmake:/home/user/ros2_humble/install/rosidl_parser:/home/user/ros2_humble/install/rosidl_adapter:/home/user/ros2_humble/install/rosbag2_tests:/home/user/ros2_humble/install/ros_environment:/home/user/ros2_humble/install/rmw_implementation_cmake:/home/user/ros2_humble/install/resource_retriever:/home/user/ros2_humble/install/class_loader:/home/user/ros2_humble/install/rcpputils:/home/user/ros2_humble/install/rcl_logging_noop:/home/user/ros2_humble/install/rcl_logging_interface:/home/user/ros2_humble/install/rcutils:/home/user/ros2_humble/install/qt_gui_py_common:/home/user/ros2_humble/install/qt_dotgraph:/home/user/ros2_humble/install/python_qt_binding:/home/user/ros2_humble/install/python_orocos_kdl_vendor:/home/user/ros2_humble/install/launch_testing_ament_cmake:/home/user/ros2_humble/install/python_cmake_module:/home/user/ros2_humble/install/pybind11_vendor:/home/user/ros2_humble/install/performance_test_fixture:/home/user/ros2_humble/install/osrf_testing_tools_cpp:/home/user/ros2_humble/install/orocos_kdl_vendor:/home/user/ros2_humble/install/mimick_vendor:/home/user/ros2_humble/install/libyaml_vendor:/home/user/ros2_humble/install/libcurl_vendor:/home/user/ros2_humble/install/keyboard_handler:/home/user/ros2_humble/install/cyclonedds:/home/user/ros2_humble/install/iceoryx_posh:/home/user/ros2_humble/install/iceoryx_hoofs:/home/user/ros2_humble/install/iceoryx_binding_c:/home/user/ros2_humble/install/ament_cmake_ros:/home/user/ros2_humble/install/ament_cmake_gmock:/home/user/ros2_humble/install/gmock_vendor:/home/user/ros2_humble/install/ament_cmake_auto:/home/user/ros2_humble/install/ament_cmake_gtest:/home/user/ros2_humble/install/gtest_vendor:/home/user/ros2_humble/install/ament_cmake_google_benchmark:/home/user/ros2_humble/install/google_benchmark_vendor:/home/user/ros2_humble/install/fastrtps:/home/user/ros2_humble/install/foonathan_memory_vendor:/home/user/ros2_humble/install/fastrtps_cmake_module:/home/user/ros2_humble/install/fastcdr:/home/user/ros2_humble/install/eigen3_cmake_module:/home/user/ros2_humble/install/console_bridge_vendor:/home/user/ros2_humble/install/ament_cmake_xmllint:/home/user/ros2_humble/install/ament_cmake_pyflakes:/home/user/ros2_humble/install/ament_cmake_pycodestyle:/home/user/ros2_humble/install/ament_cmake_pep257:/home/user/ros2_humble/install/ament_cmake_pclint:/home/user/ros2_humble/install/ament_lint_auto:/home/user/ros2_humble/install/ament_cmake:/home/user/ros2_humble/install/ament_cmake_version:/home/user/ros2_humble/install/ament_cmake_vendor_package:/home/user/ros2_humble/install/ament_cmake_pytest:/home/user/ros2_humble/install/ament_cmake_nose:/home/user/ros2_humble/install/ament_cmake_mypy:/home/user/ros2_humble/install/ament_cmake_lint_cmake:/home/user/ros2_humble/install/ament_cmake_flake8:/home/user/ros2_humble/install/ament_cmake_cpplint:/home/user/ros2_humble/install/ament_cmake_cppcheck:/home/user/ros2_humble/install/ament_cmake_copyright:/home/user/ros2_humble/install/ament_cmake_clang_tidy:/home/user/ros2_humble/install/ament_cmake_clang_format:/home/user/ros2_humble/install/ament_cmake_test:/home/user/ros2_humble/install/ament_cmake_target_dependencies:/home/user/ros2_humble/install/ament_cmake_python:/home/user/ros2_humble/install/ament_cmake_export_dependencies:/home/user/ros2_humble/install/ament_cmake_libraries:/home/user/ros2_humble/install/ament_cmake_include_directories:/home/user/ros2_humble/install/ament_cmake_gen_version_h:/home/user/ros2_humble/install/ament_cmake_export_targets:/home/user/ros2_humble/install/ament_cmake_export_link_flags:/home/user/ros2_humble/install/ament_cmake_export_interfaces:/home/user/ros2_humble/install/ament_cmake_export_libraries:/home/user/ros2_humble/install/ament_cmake_export_include_directories:/home/user/ros2_humble/install/ament_cmake_export_definitions:/home/user/ros2_humble/install/ament_cmake_core:/home/user/ros2_humble/install/ament_index_cpp:/home/user/template_ws/install/camera_v2_pkg:/home/user/template_ws/install/camera_pkg:/home/user/ros2_humble/install/rqt_bag_plugins:/home/user/ros2_humble/install/rqt_bag:/home/user/ros2_humble/install/ros2bag:/home/user/ros2_humble/install/tracetools_test:/home/user/ros2_humble/install/tracetools_launch:/home/user/ros2_humble/install/topic_monitor:/home/user/ros2_humble/install/tf2_tools:/home/user/ros2_humble/install/examples_tf2_py:/home/user/ros2_humble/install/tf2_ros_py:/home/user/ros2_humble/install/sros2:/home/user/ros2_humble/install/rqt_topic:/home/user/ros2_humble/install/rqt_srv:/home/user/ros2_humble/install/rqt_shell:/home/user/ros2_humble/install/rqt_service_caller:/home/user/ros2_humble/install/rqt_reconfigure:/home/user/ros2_humble/install/rqt_py_console:/home/user/ros2_humble/install/rqt_publisher:/home/user/ros2_humble/install/rqt_plot:/home/user/ros2_humble/install/rqt_action:/home/user/ros2_humble/install/rqt_msg:/home/user/ros2_humble/install/rqt_console:/home/user/ros2_humble/install/rqt:/home/user/ros2_humble/install/rqt_graph:/home/user/ros2_humble/install/rqt_gui_py:/home/user/ros2_humble/install/rqt_gui:/home/user/ros2_humble/install/ros2trace:/home/user/ros2_humble/install/ros2topic:/home/user/ros2_humble/install/ros2test:/home/user/ros2_humble/install/ros2component:/home/user/ros2_humble/install/ros2param:/home/user/ros2_humble/install/ros2lifecycle:/home/user/ros2_humble/install/ros2service:/home/user/ros2_humble/install/ros2run:/home/user/ros2_humble/install/ros2launch:/home/user/ros2_humble/install/ros2pkg:/home/user/ros2_humble/install/ros2node:/home/user/ros2_humble/install/ros2multicast:/home/user/ros2_humble/install/ros2interface:/home/user/ros2_humble/install/ros2doctor:/home/user/ros2_humble/install/ros2action:/home/user/ros2_humble/install/ros2cli:/home/user/ros2_humble/install/quality_of_service_demo_py:/home/user/ros2_humble/install/lifecycle_py:/home/user/ros2_humble/install/launch_testing_ros:/home/user/ros2_humble/install/launch_ros:/home/user/ros2_humble/install/examples_rclpy_pointcloud_publisher:/home/user/ros2_humble/install/examples_rclpy_minimal_subscriber:/home/user/ros2_humble/install/examples_rclpy_minimal_service:/home/user/ros2_humble/install/examples_rclpy_minimal_publisher:/home/user/ros2_humble/install/examples_rclpy_minimal_client:/home/user/ros2_humble/install/examples_rclpy_minimal_action_server:/home/user/ros2_humble/install/examples_rclpy_minimal_action_client:/home/user/ros2_humble/install/examples_rclpy_guard_conditions:/home/user/ros2_humble/install/examples_rclpy_executors:/home/user/ros2_humble/install/demo_nodes_py:/home/user/ros2_humble/install/action_tutorials_py:/home/user/ros2_humble/install/ament_uncrustify:/home/user/ros2_humble/install/tracetools_trace:/home/user/ros2_humble/install/tracetools_read:/home/user/ros2_humble/install/test_tracetools_launch:/home/user/ros2_humble/install/test_launch_ros:/home/user/ros2_humble/install/sensor_msgs_py:/home/user/ros2_humble/install/rpyutils:/home/user/ros2_humble/install/rosidl_runtime_py:/home/user/ros2_humble/install/rosidl_cli:/home/user/ros2_humble/install/launch_pytest:/home/user/ros2_humble/install/launch_testing:/home/user/ros2_humble/install/launch_yaml:/home/user/ros2_humble/install/launch_xml:/home/user/ros2_humble/install/launch:/home/user/ros2_humble/install/osrf_pycommon:/home/user/ros2_humble/install/launch_testing_examples:/home/user/ros2_humble/install/domain_coordinator:/home/user/ros2_humble/install/ament_xmllint:/home/user/ros2_humble/install/ament_pyflakes:/home/user/ros2_humble/install/ament_pycodestyle:/home/user/ros2_humble/install/ament_pep257:/home/user/ros2_humble/install/ament_pclint:/home/user/ros2_humble/install/ament_package:/home/user/ros2_humble/install/ament_mypy:/home/user/ros2_humble/install/ament_lint_cmake:/home/user/ros2_humble/install/ament_flake8:/home/user/ros2_humble/install/ament_copyright:/home/user/ros2_humble/install/ament_lint:/home/user/ros2_humble/install/ament_index_python:/home/user/ros2_humble/install/ament_cpplint:/home/user/ros2_humble/install/ament_cppcheck:/home/user/ros2_humble/install/ament_clang_tidy:/home/user/ros2_humble/install/ament_clang_format /usr/bin/cmake --build /home/user/template_ws/build/robot_srv_pkg -- -j4 -l4
[8.093s] [ 50%] [32mBuilding CXX object CMakeFiles/robot_srv_node.dir/src/robot_srv_node.cpp.o[0m
[12.162s] [01m[K/home/user/template_ws/src/robot_srv_pkg/src/robot_srv_node.cpp:13:64:[m[K [01;31m[Kerror: [m[K[01m[KBool[m[K is not a member of [01m[Kmy_interfaces::srv[m[K
[12.162s]    13 | void serviceFunction(const std::shared_ptr<my_interfaces::srv::[01;31m[KBool[m[K::Request> request, std::shared_ptr<my_interfaces::srv::Bool::Response> response)
[12.162s]       |                                                                [01;31m[K^~~~[m[K
[12.162s] [01m[K/home/user/template_ws/src/robot_srv_pkg/src/robot_srv_node.cpp:13:77:[m[K [01;31m[Kerror: [m[Ktemplate argument 1 is invalid
[12.162s]    13 | void serviceFunction(const std::shared_ptr<my_interfaces::srv::Bool::Request[01;31m[K>[m[K request, std::shared_ptr<my_interfaces::srv::Bool::Response> response)
[12.162s]       |                                                                             [01;31m[K^[m[K
[12.163s] [01m[K/home/user/template_ws/src/robot_srv_pkg/src/robot_srv_node.cpp:13:64:[m[K [01;31m[Kerror: [m[K[01m[KBool[m[K is not a member of [01m[Kmy_interfaces::srv[m[K
[12.163s]    13 | void serviceFunction(const std::shared_ptr<my_interfaces::srv::[01;31m[KBool[m[K::Request> request, std::shared_ptr<my_interfaces::srv::Bool::Response> response)
[12.163s]       |                                                                [01;31m[K^~~~[m[K
[12.163s] [01m[K/home/user/template_ws/src/robot_srv_pkg/src/robot_srv_node.cpp:13:77:[m[K [01;31m[Kerror: [m[Ktemplate argument 1 is invalid
[12.163s]    13 | void serviceFunction(const std::shared_ptr<my_interfaces::srv::Bool::Request[01;31m[K>[m[K request, std::shared_ptr<my_interfaces::srv::Bool::Response> response)
[12.163s]       |                                                                             [01;31m[K^[m[K
[12.164s] [01m[K/home/user/template_ws/src/robot_srv_pkg/src/robot_srv_node.cpp:13:64:[m[K [01;31m[Kerror: [m[K[01m[KBool[m[K is not a member of [01m[Kmy_interfaces::srv[m[K
[12.164s]    13 | void serviceFunction(const std::shared_ptr<my_interfaces::srv::[01;31m[KBool[m[K::Request> request, std::shared_ptr<my_interfaces::srv::Bool::Response> response)
[12.164s]       |                                                                [01;31m[K^~~~[m[K
[12.164s] [01m[K/home/user/template_ws/src/robot_srv_pkg/src/robot_srv_node.cpp:13:77:[m[K [01;31m[Kerror: [m[Ktemplate argument 1 is invalid
[12.164s]    13 | void serviceFunction(const std::shared_ptr<my_interfaces::srv::Bool::Request[01;31m[K>[m[K request, std::shared_ptr<my_interfaces::srv::Bool::Response> response)
[12.164s]       |                                                                             [01;31m[K^[m[K
[12.164s] [01m[K/home/user/template_ws/src/robot_srv_pkg/src/robot_srv_node.cpp:13:28:[m[K [01;31m[Kerror: [m[Kinvalid template-id
[12.165s]    13 | void serviceFunction(const [01;31m[Kstd[m[K::shared_ptr<my_interfaces::srv::Bool::Request> request, std::shared_ptr<my_interfaces::srv::Bool::Response> response)
[12.165s]       |                            [01;31m[K^~~[m[K
[12.165s] [01m[K/home/user/template_ws/src/robot_srv_pkg/src/robot_srv_node.cpp:13:64:[m[K [01;31m[Kerror: [m[K[01m[KBool[m[K is not a member of [01m[Kmy_interfaces::srv[m[K
[12.165s]    13 | void serviceFunction(const std::shared_ptr<my_interfaces::srv::[01;31m[KBool[m[K::Request> request, std::shared_ptr<my_interfaces::srv::Bool::Response> response)
[12.165s]       |                                                                [01;31m[K^~~~[m[K
[12.165s] [01m[K/home/user/template_ws/src/robot_srv_pkg/src/robot_srv_node.cpp:13:6:[m[K [01;31m[Kerror: [m[Kvariable or field [01m[KserviceFunction[m[K declared void
[12.166s]    13 | void [01;31m[KserviceFunction[m[K(const std::shared_ptr<my_interfaces::srv::Bool::Request> request, std::shared_ptr<my_interfaces::srv::Bool::Response> response)
[12.166s]       |      [01;31m[K^~~~~~~~~~~~~~~[m[K
[12.166s] [01m[K/home/user/template_ws/src/robot_srv_pkg/src/robot_srv_node.cpp:13:22:[m[K [01;31m[Kerror: [m[Kexpected primary-expression before [01m[Kconst[m[K
[12.166s]    13 | void serviceFunction([01;31m[Kconst[m[K std::shared_ptr<my_interfaces::srv::Bool::Request> request, std::shared_ptr<my_interfaces::srv::Bool::Response> response)
[12.166s]       |                      [01;31m[K^~~~~[m[K
[12.166s] [01m[K/home/user/template_ws/src/robot_srv_pkg/src/robot_srv_node.cpp:13:124:[m[K [01;31m[Kerror: [m[K[01m[KBool[m[K is not a member of [01m[Kmy_interfaces::srv[m[K
[12.166s]    13 | :shared_ptr<my_interfaces::srv::Bool::Request> request, std::shared_ptr<my_interfaces::srv::[01;31m[KBool[m[K::Response> response)
[12.167s]       |                                                                                             [01;31m[K^~~~[m[K
[12.167s] 
[12.167s] [01m[K/home/user/template_ws/src/robot_srv_pkg/src/robot_srv_node.cpp:13:138:[m[K [01;31m[Kerror: [m[Ktemplate argument 1 is invalid
[12.167s]    13 | _interfaces::srv::Bool::Request> request, std::shared_ptr<my_interfaces::srv::Bool::Response[01;31m[K>[m[K response)
[12.167s]       |                                                                                             [01;31m[K^[m[K
[12.167s] 
[12.190s] [01m[K/home/user/template_ws/src/robot_srv_pkg/src/robot_srv_node.cpp:[m[K In function [01m[Kint main(int, char**)[m[K:
[12.190s] [01m[K/home/user/template_ws/src/robot_srv_pkg/src/robot_srv_node.cpp:36:139:[m[K [01;31m[Kerror: [m[K[01m[KserviceFunction[m[K was not declared in this scope
[12.190s]    36 | Ints>::SharedPtr service = node->create_service<my_interfaces::srv::AddThreeInts>("bool",  &[01;31m[KserviceFunction[m[K);
[12.191s]       |                                                                                             [01;31m[K^~~~~~~~~~~~~~~[m[K
[12.191s] 
[12.722s] gmake[2]: *** [CMakeFiles/robot_srv_node.dir/build.make:76: CMakeFiles/robot_srv_node.dir/src/robot_srv_node.cpp.o] Error 1
[12.723s] gmake[1]: *** [CMakeFiles/Makefile2:137: CMakeFiles/robot_srv_node.dir/all] Error 2
[12.723s] gmake: *** [Makefile:146: all] Error 2
[12.726s] Invoked command in '/home/user/template_ws/build/robot_srv_pkg' returned '2': CMAKE_PREFIX_PATH=/home/user/template_ws/install/my_interfaces:/home/user/template_ws/install/robot_v2_pkg:/home/user/template_ws/install/robot_pkg:/home/user/ros2_humble/install/rosbag2_storage_mcap:/home/user/ros2_humble/install/rosbag2:/home/user/ros2_humble/install/rosbag2_compression_zstd:/home/user/ros2_humble/install/mcap_vendor:/home/user/ros2_humble/install/zstd_vendor:/home/user/ros2_humble/install/rviz_visual_testing_framework:/home/user/ros2_humble/install/rviz2:/home/user/ros2_humble/install/rviz_default_plugins:/home/user/ros2_humble/install/rviz_common:/home/user/ros2_humble/install/rosbag2_py:/home/user/ros2_humble/install/rosbag2_transport:/home/user/ros2_humble/install/rosbag2_performance_benchmarking:/home/user/ros2_humble/install/rosbag2_compression:/home/user/ros2_humble/install/rosbag2_cpp:/home/user/ros2_humble/install/rosbag2_storage_default_plugins:/home/user/ros2_humble/install/rosbag2_storage:/home/user/ros2_humble/install/image_common:/home/user/ros2_humble/install/camera_info_manager:/home/user/ros2_humble/install/camera_calibration_parsers:/home/user/ros2_humble/install/yaml_cpp_vendor:/home/user/ros2_humble/install/interactive_markers:/home/user/ros2_humble/install/common_interfaces:/home/user/ros2_humble/install/visualization_msgs:/home/user/ros2_humble/install/dummy_robot_bringup:/home/user/ros2_humble/install/robot_state_publisher:/home/user/ros2_humble/install/kdl_parser:/home/user/ros2_humble/install/urdf:/home/user/ros2_humble/install/urdfdom:/home/user/ros2_humble/install/urdf_parser_plugin:/home/user/ros2_humble/install/urdfdom_headers:/home/user/ros2_humble/install/turtlesim:/home/user/ros2_humble/install/geometry2:/home/user/ros2_humble/install/tf2_sensor_msgs:/home/user/ros2_humble/install/test_tf2:/home/user/ros2_humble/install/tf2_kdl:/home/user/ros2_humble/install/tf2_geometry_msgs:/home/user/ros2_humble/install/tf2_eigen:/home/user/ros2_humble/install/tf2_bullet:/home/user/ros2_humble/install/tf2_ros:/home/user/ros2_humble/install/tf2_py:/home/user/ros2_humble/install/tf2_msgs:/home/user/ros2_humble/install/test_msgs:/home/user/ros2_humble/install/sros2_cmake:/home/user/ros2_humble/install/ros2cli_common_extensions:/home/user/ros2_humble/install/rqt_py_common:/home/user/ros2_humble/install/rosbag2_storage_mcap_testdata:/home/user/ros2_humble/install/ros_testing:/home/user/ros2_humble/install/ros2cli_test_interfaces:/home/user/ros2_humble/install/quality_of_service_demo_cpp:/home/user/ros2_humble/install/image_transport:/home/user/ros2_humble/install/message_filters:/home/user/ros2_humble/install/demo_nodes_cpp:/home/user/ros2_humble/install/composition:/home/user/ros2_humble/install/laser_geometry:/home/user/ros2_humble/install/rclpy:/home/user/ros2_humble/install/examples_rclcpp_minimal_action_server:/home/user/ros2_humble/install/examples_rclcpp_minimal_action_client:/home/user/ros2_humble/install/action_tutorials_cpp:/home/user/ros2_humble/install/rclcpp_action:/home/user/ros2_humble/install/rcl_action:/home/user/ros2_humble/install/examples_rclcpp_wait_set:/home/user/ros2_humble/install/examples_rclcpp_minimal_service:/home/user/ros2_humble/install/examples_rclcpp_minimal_client:/home/user/ros2_humble/install/examples_rclcpp_async_client:/home/user/ros2_humble/install/example_interfaces:/home/user/ros2_humble/install/action_tutorials_interfaces:/home/user/ros2_humble/install/action_msgs:/home/user/ros2_humble/install/unique_identifier_msgs:/home/user/ros2_humble/install/ament_lint_common:/home/user/ros2_humble/install/ament_cmake_uncrustify:/home/user/ros2_humble/install/uncrustify_vendor:/home/user/ros2_humble/install/trajectory_msgs:/home/user/ros2_humble/install/topic_statistics_demo:/home/user/ros2_humble/install/pendulum_control:/home/user/ros2_humble/install/tlsf_cpp:/home/user/ros2_humble/install/test_tracetools:/home/user/ros2_humble/install/rqt_gui_cpp:/home/user/ros2_humble/install/rosbag2_test_common:/home/user/ros2_humble/install/ros2lifecycle_test_fixtures:/home/user/ros2_humble/install/lifecycle:/home/user/ros2_humble/install/rclcpp_lifecycle:/home/user/ros2_humble/install/logging_demo:/home/user/ros2_humble/install/image_tools:/home/user/ros2_humble/install/examples_rclcpp_minimal_subscriber:/home/user/ros2_humble/install/examples_rclcpp_minimal_composition:/home/user/ros2_humble/install/demo_nodes_cpp_native:/home/user/ros2_humble/install/rclcpp_components:/home/user/ros2_humble/install/intra_process_demo:/home/user/ros2_humble/install/examples_rclcpp_multithreaded_executor:/home/user/ros2_humble/install/examples_rclcpp_minimal_timer:/home/user/ros2_humble/install/examples_rclcpp_minimal_publisher:/home/user/ros2_humble/install/examples_rclcpp_cbg_executor:/home/user/ros2_humble/install/dummy_sensors:/home/user/ros2_humble/install/dummy_map_server:/home/user/ros2_humble/install/rclcpp:/home/user/ros2_humble/install/rcl_lifecycle:/home/user/ros2_humble/install/libstatistics_collector:/home/user/ros2_humble/install/rcl:/home/user/ros2_humble/install/rmw_implementation:/home/user/ros2_humble/install/rmw_fastrtps_dynamic_cpp:/home/user/ros2_humble/install/rmw_fastrtps_cpp:/home/user/ros2_humble/install/rmw_fastrtps_shared_cpp:/home/user/ros2_humble/install/rmw_cyclonedds_cpp:/home/user/ros2_humble/install/tracetools:/home/user/ros2_humble/install/tlsf:/home/user/ros2_humble/install/tinyxml_vendor:/home/user/ros2_humble/install/qt_gui_core:/home/user/ros2_humble/install/qt_gui_cpp:/home/user/ros2_humble/install/pluginlib:/home/user/ros2_humble/install/tinyxml2_vendor:/home/user/ros2_humble/install/tf2_eigen_kdl:/home/user/ros2_humble/install/tf2:/home/user/ros2_humble/install/test_security:/home/user/ros2_humble/install/test_rmw_implementation:/home/user/ros2_humble/install/test_rclcpp:/home/user/ros2_humble/install/test_quality_of_service:/home/user/ros2_humble/install/test_launch_testing:/home/user/ros2_humble/install/test_interface_files:/home/user/ros2_humble/install/test_communication:/home/user/ros2_humble/install/test_cli_remapping:/home/user/ros2_humble/install/test_cli:/home/user/ros2_humble/install/qt_gui_app:/home/user/ros2_humble/install/qt_gui:/home/user/ros2_humble/install/tango_icons_vendor:/home/user/ros2_humble/install/stereo_msgs:/home/user/ros2_humble/install/std_srvs:/home/user/ros2_humble/install/shape_msgs:/home/user/ros2_humble/install/map_msgs:/home/user/ros2_humble/install/sensor_msgs:/home/user/ros2_humble/install/nav_msgs:/home/user/ros2_humble/install/diagnostic_msgs:/home/user/ros2_humble/install/geometry_msgs:/home/user/ros2_humble/install/actionlib_msgs:/home/user/ros2_humble/install/std_msgs:/home/user/ros2_humble/install/statistics_msgs:/home/user/ros2_humble/install/sqlite3_vendor:/home/user/ros2_humble/install/rcl_logging_spdlog:/home/user/ros2_humble/install/spdlog_vendor:/home/user/ros2_humble/install/shared_queues_vendor:/home/user/ros2_humble/install/rviz_rendering_tests:/home/user/ros2_humble/install/rviz_rendering:/home/user/ros2_humble/install/rviz_ogre_vendor:/home/user/ros2_humble/install/rviz_assimp_vendor:/home/user/ros2_humble/install/rttest:/home/user/ros2_humble/install/rmw_connextddsmicro:/home/user/ros2_humble/install/rmw_connextdds:/home/user/ros2_humble/install/rmw_connextdds_common:/home/user/ros2_humble/install/rti_connext_dds_cmake_module:/home/user/ros2_humble/install/rosgraph_msgs:/home/user/ros2_humble/install/rosbag2_interfaces:/home/user/ros2_humble/install/rmw_dds_common:/home/user/ros2_humble/install/composition_interfaces:/home/user/ros2_humble/install/rcl_interfaces:/home/user/ros2_humble/install/pendulum_msgs:/home/user/ros2_humble/install/lifecycle_msgs:/home/user/ros2_humble/install/builtin_interfaces:/home/user/ros2_humble/install/rosidl_default_runtime:/home/user/ros2_humble/install/rosidl_default_generators:/home/user/ros2_humble/install/rosidl_generator_py:/home/user/ros2_humble/install/rosidl_typesupport_introspection_tests:/home/user/ros2_humble/install/rosidl_typesupport_cpp:/home/user/ros2_humble/install/rosidl_typesupport_introspection_cpp:/home/user/ros2_humble/install/rosidl_typesupport_c:/home/user/ros2_humble/install/rosidl_typesupport_introspection_c:/home/user/ros2_humble/install/rosidl_typesupport_fastrtps_c:/home/user/ros2_humble/install/rosidl_typesupport_fastrtps_cpp:/home/user/ros2_humble/install/rosidl_generator_cpp:/home/user/ros2_humble/install/rosidl_runtime_cpp:/home/user/ros2_humble/install/rcl_yaml_param_parser:/home/user/ros2_humble/install/rmw:/home/user/ros2_humble/install/rosidl_runtime_c:/home/user/ros2_humble/install/rosidl_generator_c:/home/user/ros2_humble/install/rosidl_typesupport_interface:/home/user/ros2_humble/install/rosidl_generator_dds_idl:/home/user/ros2_humble/install/rosidl_cmake:/home/user/ros2_humble/install/rosidl_parser:/home/user/ros2_humble/install/rosidl_adapter:/home/user/ros2_humble/install/rosbag2_tests:/home/user/ros2_humble/install/ros_environment:/home/user/ros2_humble/install/rmw_implementation_cmake:/home/user/ros2_humble/install/resource_retriever:/home/user/ros2_humble/install/class_loader:/home/user/ros2_humble/install/rcpputils:/home/user/ros2_humble/install/rcl_logging_noop:/home/user/ros2_humble/install/rcl_logging_interface:/home/user/ros2_humble/install/rcutils:/home/user/ros2_humble/install/qt_gui_py_common:/home/user/ros2_humble/install/qt_dotgraph:/home/user/ros2_humble/install/python_qt_binding:/home/user/ros2_humble/install/python_orocos_kdl_vendor:/home/user/ros2_humble/install/launch_testing_ament_cmake:/home/user/ros2_humble/install/python_cmake_module:/home/user/ros2_humble/install/pybind11_vendor:/home/user/ros2_humble/install/performance_test_fixture:/home/user/ros2_humble/install/osrf_testing_tools_cpp:/home/user/ros2_humble/install/orocos_kdl_vendor:/home/user/ros2_humble/install/mimick_vendor:/home/user/ros2_humble/install/libyaml_vendor:/home/user/ros2_humble/install/libcurl_vendor:/home/user/ros2_humble/install/keyboard_handler:/home/user/ros2_humble/install/cyclonedds:/home/user/ros2_humble/install/iceoryx_posh:/home/user/ros2_humble/install/iceoryx_hoofs:/home/user/ros2_humble/install/iceoryx_binding_c:/home/user/ros2_humble/install/ament_cmake_ros:/home/user/ros2_humble/install/ament_cmake_gmock:/home/user/ros2_humble/install/gmock_vendor:/home/user/ros2_humble/install/ament_cmake_auto:/home/user/ros2_humble/install/ament_cmake_gtest:/home/user/ros2_humble/install/gtest_vendor:/home/user/ros2_humble/install/ament_cmake_google_benchmark:/home/user/ros2_humble/install/google_benchmark_vendor:/home/user/ros2_humble/install/fastrtps:/home/user/ros2_humble/install/foonathan_memory_vendor:/home/user/ros2_humble/install/fastrtps_cmake_module:/home/user/ros2_humble/install/fastcdr:/home/user/ros2_humble/install/eigen3_cmake_module:/home/user/ros2_humble/install/console_bridge_vendor:/home/user/ros2_humble/install/ament_cmake_xmllint:/home/user/ros2_humble/install/ament_cmake_pyflakes:/home/user/ros2_humble/install/ament_cmake_pycodestyle:/home/user/ros2_humble/install/ament_cmake_pep257:/home/user/ros2_humble/install/ament_cmake_pclint:/home/user/ros2_humble/install/ament_lint_auto:/home/user/ros2_humble/install/ament_cmake:/home/user/ros2_humble/install/ament_cmake_version:/home/user/ros2_humble/install/ament_cmake_vendor_package:/home/user/ros2_humble/install/ament_cmake_pytest:/home/user/ros2_humble/install/ament_cmake_nose:/home/user/ros2_humble/install/ament_cmake_mypy:/home/user/ros2_humble/install/ament_cmake_lint_cmake:/home/user/ros2_humble/install/ament_cmake_flake8:/home/user/ros2_humble/install/ament_cmake_cpplint:/home/user/ros2_humble/install/ament_cmake_cppcheck:/home/user/ros2_humble/install/ament_cmake_copyright:/home/user/ros2_humble/install/ament_cmake_clang_tidy:/home/user/ros2_humble/install/ament_cmake_clang_format:/home/user/ros2_humble/install/ament_cmake_test:/home/user/ros2_humble/install/ament_cmake_target_dependencies:/home/user/ros2_humble/install/ament_cmake_python:/home/user/ros2_humble/install/ament_cmake_export_dependencies:/home/user/ros2_humble/install/ament_cmake_libraries:/home/user/ros2_humble/install/ament_cmake_include_directories:/home/user/ros2_humble/install/ament_cmake_gen_version_h:/home/user/ros2_humble/install/ament_cmake_export_targets:/home/user/ros2_humble/install/ament_cmake_export_link_flags:/home/user/ros2_humble/install/ament_cmake_export_interfaces:/home/user/ros2_humble/install/ament_cmake_export_libraries:/home/user/ros2_humble/install/ament_cmake_export_include_directories:/home/user/ros2_humble/install/ament_cmake_export_definitions:/home/user/ros2_humble/install/ament_cmake_core:/home/user/ros2_humble/install/ament_index_cpp:/home/user/template_ws/install/camera_v2_pkg:/home/user/template_ws/install/camera_pkg:/home/user/ros2_humble/install/rqt_bag_plugins:/home/user/ros2_humble/install/rqt_bag:/home/user/ros2_humble/install/ros2bag:/home/user/ros2_humble/install/tracetools_test:/home/user/ros2_humble/install/tracetools_launch:/home/user/ros2_humble/install/topic_monitor:/home/user/ros2_humble/install/tf2_tools:/home/user/ros2_humble/install/examples_tf2_py:/home/user/ros2_humble/install/tf2_ros_py:/home/user/ros2_humble/install/sros2:/home/user/ros2_humble/install/rqt_topic:/home/user/ros2_humble/install/rqt_srv:/home/user/ros2_humble/install/rqt_shell:/home/user/ros2_humble/install/rqt_service_caller:/home/user/ros2_humble/install/rqt_reconfigure:/home/user/ros2_humble/install/rqt_py_console:/home/user/ros2_humble/install/rqt_publisher:/home/user/ros2_humble/install/rqt_plot:/home/user/ros2_humble/install/rqt_action:/home/user/ros2_humble/install/rqt_msg:/home/user/ros2_humble/install/rqt_console:/home/user/ros2_humble/install/rqt:/home/user/ros2_humble/install/rqt_graph:/home/user/ros2_humble/install/rqt_gui_py:/home/user/ros2_humble/install/rqt_gui:/home/user/ros2_humble/install/ros2trace:/home/user/ros2_humble/install/ros2topic:/home/user/ros2_humble/install/ros2test:/home/user/ros2_humble/install/ros2component:/home/user/ros2_humble/install/ros2param:/home/user/ros2_humble/install/ros2lifecycle:/home/user/ros2_humble/install/ros2service:/home/user/ros2_humble/install/ros2run:/home/user/ros2_humble/install/ros2launch:/home/user/ros2_humble/install/ros2pkg:/home/user/ros2_humble/install/ros2node:/home/user/ros2_humble/install/ros2multicast:/home/user/ros2_humble/install/ros2interface:/home/user/ros2_humble/install/ros2doctor:/home/user/ros2_humble/install/ros2action:/home/user/ros2_humble/install/ros2cli:/home/user/ros2_humble/install/quality_of_service_demo_py:/home/user/ros2_humble/install/lifecycle_py:/home/user/ros2_humble/install/launch_testing_ros:/home/user/ros2_humble/install/launch_ros:/home/user/ros2_humble/install/examples_rclpy_pointcloud_publisher:/home/user/ros2_humble/install/examples_rclpy_minimal_subscriber:/home/user/ros2_humble/install/examples_rclpy_minimal_service:/home/user/ros2_humble/install/examples_rclpy_minimal_publisher:/home/user/ros2_humble/install/examples_rclpy_minimal_client:/home/user/ros2_humble/install/examples_rclpy_minimal_action_server:/home/user/ros2_humble/install/examples_rclpy_minimal_action_client:/home/user/ros2_humble/install/examples_rclpy_guard_conditions:/home/user/ros2_humble/install/examples_rclpy_executors:/home/user/ros2_humble/install/demo_nodes_py:/home/user/ros2_humble/install/action_tutorials_py:/home/user/ros2_humble/install/ament_uncrustify:/home/user/ros2_humble/install/tracetools_trace:/home/user/ros2_humble/install/tracetools_read:/home/user/ros2_humble/install/test_tracetools_launch:/home/user/ros2_humble/install/test_launch_ros:/home/user/ros2_humble/install/sensor_msgs_py:/home/user/ros2_humble/install/rpyutils:/home/user/ros2_humble/install/rosidl_runtime_py:/home/user/ros2_humble/install/rosidl_cli:/home/user/ros2_humble/install/launch_pytest:/home/user/ros2_humble/install/launch_testing:/home/user/ros2_humble/install/launch_yaml:/home/user/ros2_humble/install/launch_xml:/home/user/ros2_humble/install/launch:/home/user/ros2_humble/install/osrf_pycommon:/home/user/ros2_humble/install/launch_testing_examples:/home/user/ros2_humble/install/domain_coordinator:/home/user/ros2_humble/install/ament_xmllint:/home/user/ros2_humble/install/ament_pyflakes:/home/user/ros2_humble/install/ament_pycodestyle:/home/user/ros2_humble/install/ament_pep257:/home/user/ros2_humble/install/ament_pclint:/home/user/ros2_humble/install/ament_package:/home/user/ros2_humble/install/ament_mypy:/home/user/ros2_humble/install/ament_lint_cmake:/home/user/ros2_humble/install/ament_flake8:/home/user/ros2_humble/install/ament_copyright:/home/user/ros2_humble/install/ament_lint:/home/user/ros2_humble/install/ament_index_python:/home/user/ros2_humble/install/ament_cpplint:/home/user/ros2_humble/install/ament_cppcheck:/home/user/ros2_humble/install/ament_clang_tidy:/home/user/ros2_humble/install/ament_clang_format /usr/bin/cmake --build /home/user/template_ws/build/robot_srv_pkg -- -j4 -l4
