[01m[K/home/user/template_ws/src/robot_v2_pkg/src/robot_v2_node.cpp:46:46:[m[K [01;31m[Kerror: [m[Kâ€˜[01m[KDist[m[Kâ€™ in namespace â€˜[01m[Kstd_msgs::msg[m[Kâ€™ does not name a type
   46 |     void topic_callback(const std_msgs::msg::[01;31m[KDist[m[K & msg) const
      |                                              [01;31m[K^~~~[m[K
[01m[K/home/user/template_ws/src/robot_v2_pkg/src/robot_v2_node.cpp:53:38:[m[K [01;31m[Kerror: [m[Kâ€˜[01m[KVel[m[Kâ€™ is not a member of â€˜[01m[Kstd_msgs::msg[m[Kâ€™; did you mean â€˜[01m[Kmy_interfaces::msg::Vel[m[Kâ€™?
   53 |     rclcpp::Publisher<std_msgs::msg::[01;31m[KVel[m[K>::SharedPtr publisher_;
      |                                      [01;31m[K^~~[m[K
In file included from [01m[K/home/user/template_ws/build/my_interfaces/rosidl_generator_cpp/my_interfaces/msg/vel.hpp:7[m[K,
                 from [01m[K/home/user/template_ws/src/robot_v2_pkg/src/robot_v2_node.cpp:12[m[K:
[01m[K/home/user/template_ws/build/my_interfaces/rosidl_generator_cpp/my_interfaces/msg/detail/vel__struct.hpp:122:7:[m[K [01;36m[Knote: [m[Kâ€˜[01m[Kmy_interfaces::msg::Vel[m[Kâ€™ declared here
  122 | using [01;36m[KVel[m[K =
      |       [01;36m[K^~~[m[K
[01m[K/home/user/template_ws/src/robot_v2_pkg/src/robot_v2_node.cpp:53:41:[m[K [01;31m[Kerror: [m[Ktemplate argument 1 is invalid
   53 |     rclcpp::Publisher<std_msgs::msg::Vel[01;31m[K>[m[K::SharedPtr publisher_;
      |                                         [01;31m[K^[m[K
[01m[K/home/user/template_ws/src/robot_v2_pkg/src/robot_v2_node.cpp:53:44:[m[K [01;31m[Kerror: [m[Kexpected â€˜[01m[K;[m[Kâ€™ at end of member declaration
   53 |     rclcpp::Publisher<std_msgs::msg::Vel>::[01;31m[KSharedPtr[m[K publisher_;
      |                                            [01;31m[K^~~~~~~~~[m[K
      |                                                     [32m[K;[m[K
[01m[K/home/user/template_ws/src/robot_v2_pkg/src/robot_v2_node.cpp:53:54:[m[K [01;31m[Kerror: [m[Kâ€˜[01m[Kpublisher_[m[Kâ€™ does not name a type; did you mean â€˜[01m[Krmw_publisher_t[m[Kâ€™?
   53 |     rclcpp::Publisher<std_msgs::msg::Vel>::SharedPtr [01;31m[Kpublisher_[m[K;
      |                                                      [01;31m[K^~~~~~~~~~[m[K
      |                                                      [32m[Krmw_publisher_t[m[K
[01m[K/home/user/template_ws/src/robot_v2_pkg/src/robot_v2_node.cpp:54:41:[m[K [01;31m[Kerror: [m[Kâ€˜[01m[KDist[m[Kâ€™ is not a member of â€˜[01m[Kstd_msgs::msg[m[Kâ€™; did you mean â€˜[01m[Kmy_interfaces::msg::Dist[m[Kâ€™?
   54 |     rclcpp::Subscription<std_msgs::msg::[01;31m[KDist[m[K>::SharedPtr subscription_;
      |                                         [01;31m[K^~~~[m[K
In file included from [01m[K/home/user/template_ws/build/my_interfaces/rosidl_generator_cpp/my_interfaces/msg/dist.hpp:7[m[K,
                 from [01m[K/home/user/template_ws/src/robot_v2_pkg/src/robot_v2_node.cpp:11[m[K:
[01m[K/home/user/template_ws/build/my_interfaces/rosidl_generator_cpp/my_interfaces/msg/detail/dist__struct.hpp:122:7:[m[K [01;36m[Knote: [m[Kâ€˜[01m[Kmy_interfaces::msg::Dist[m[Kâ€™ declared here
  122 | using [01;36m[KDist[m[K =
      |       [01;36m[K^~~~[m[K
[01m[K/home/user/template_ws/src/robot_v2_pkg/src/robot_v2_node.cpp:54:45:[m[K [01;31m[Kerror: [m[Ktemplate argument 1 is invalid
   54 |     rclcpp::Subscription<std_msgs::msg::Dist[01;31m[K>[m[K::SharedPtr subscription_;
      |                                             [01;31m[K^[m[K
[01m[K/home/user/template_ws/src/robot_v2_pkg/src/robot_v2_node.cpp:54:45:[m[K [01;31m[Kerror: [m[Ktemplate argument 3 is invalid
[01m[K/home/user/template_ws/src/robot_v2_pkg/src/robot_v2_node.cpp:54:45:[m[K [01;31m[Kerror: [m[Ktemplate argument 4 is invalid
[01m[K/home/user/template_ws/src/robot_v2_pkg/src/robot_v2_node.cpp:54:45:[m[K [01;31m[Kerror: [m[Ktemplate argument 5 is invalid
[01m[K/home/user/template_ws/src/robot_v2_pkg/src/robot_v2_node.cpp:54:48:[m[K [01;31m[Kerror: [m[Kexpected â€˜[01m[K;[m[Kâ€™ at end of member declaration
   54 |     rclcpp::Subscription<std_msgs::msg::Dist>::[01;31m[KSharedPtr[m[K subscription_;
      |                                                [01;31m[K^~~~~~~~~[m[K
      |                                                         [32m[K;[m[K
[01m[K/home/user/template_ws/src/robot_v2_pkg/src/robot_v2_node.cpp:54:48:[m[K [01;31m[Kerror: [m[Kredeclaration of â€˜[01m[Kint Robot_v2::SharedPtr[m[Kâ€™
[01m[K/home/user/template_ws/src/robot_v2_pkg/src/robot_v2_node.cpp:53:44:[m[K [01;36m[Knote: [m[Kprevious declaration â€˜[01m[Kint Robot_v2::SharedPtr[m[Kâ€™
   53 |     rclcpp::Publisher<std_msgs::msg::Vel>::[01;36m[KSharedPtr[m[K publisher_;
      |                                            [01;36m[K^~~~~~~~~[m[K
[01m[K/home/user/template_ws/src/robot_v2_pkg/src/robot_v2_node.cpp:54:58:[m[K [01;31m[Kerror: [m[Kâ€˜[01m[Ksubscription_[m[Kâ€™ does not name a type; did you mean â€˜[01m[Krmw_subscription_t[m[Kâ€™?
   54 |     rclcpp::Subscription<std_msgs::msg::Dist>::SharedPtr [01;31m[Ksubscription_[m[K;
      |                                                          [01;31m[K^~~~~~~~~~~~~[m[K
      |                                                          [32m[Krmw_subscription_t[m[K
[01m[K/home/user/template_ws/src/robot_v2_pkg/src/robot_v2_node.cpp:[m[K In constructor â€˜[01m[KRobot_v2::Robot_v2()[m[Kâ€™:
[01m[K/home/user/template_ws/src/robot_v2_pkg/src/robot_v2_node.cpp:28:7:[m[K [01;31m[Kerror: [m[Kâ€˜[01m[Kpublisher_[m[Kâ€™ was not declared in this scope; did you mean â€˜[01m[Krmw_publisher_t[m[Kâ€™?
   28 |       [01;31m[Kpublisher_[m[K = this->create_publisher<std_msgs::msg::Vel>("vel", 10);
      |       [01;31m[K^~~~~~~~~~[m[K
      |       [32m[Krmw_publisher_t[m[K
[01m[K/home/user/template_ws/src/robot_v2_pkg/src/robot_v2_node.cpp:28:58:[m[K [01;31m[Kerror: [m[Kâ€˜[01m[KVel[m[Kâ€™ is not a member of â€˜[01m[Kstd_msgs::msg[m[Kâ€™; did you mean â€˜[01m[Kmy_interfaces::msg::Vel[m[Kâ€™?
   28 |       publisher_ = this->create_publisher<std_msgs::msg::[01;31m[KVel[m[K>("vel", 10);
      |                                                          [01;31m[K^~~[m[K
In file included from [01m[K/home/user/template_ws/build/my_interfaces/rosidl_generator_cpp/my_interfaces/msg/vel.hpp:7[m[K,
                 from [01m[K/home/user/template_ws/src/robot_v2_pkg/src/robot_v2_node.cpp:12[m[K:
[01m[K/home/user/template_ws/build/my_interfaces/rosidl_generator_cpp/my_interfaces/msg/detail/vel__struct.hpp:122:7:[m[K [01;36m[Knote: [m[Kâ€˜[01m[Kmy_interfaces::msg::Vel[m[Kâ€™ declared here
  122 | using [01;36m[KVel[m[K =
      |       [01;36m[K^~~[m[K
[01m[K/home/user/template_ws/src/robot_v2_pkg/src/robot_v2_node.cpp:28:62:[m[K [01;31m[Kerror: [m[Kno matching function for call to â€˜[01m[KRobot_v2::create_publisher<<expression error> >(const char [4], int)[m[Kâ€™
   28 |      publisher_ = [01;31m[Kthis->create_publisher<std_msgs::msg::Vel>("vel", 10)[m[K;
      |                   [01;31m[K~~~~~~~~~~~~~~~~~~~~~~~~~~~~~~~~~~~~~~~~~~^~~~~~~~~~~[m[K

In file included from [01m[K/home/user/ros2_humble/install/rclcpp/include/rclcpp/rclcpp/executors/single_threaded_executor.hpp:28[m[K,
                 from [01m[K/home/user/ros2_humble/install/rclcpp/include/rclcpp/rclcpp/executors.hpp:22[m[K,
                 from [01m[K/home/user/ros2_humble/install/rclcpp/include/rclcpp/rclcpp/rclcpp.hpp:155[m[K,
                 from [01m[K/home/user/template_ws/src/robot_v2_pkg/src/robot_v2_node.cpp:9[m[K:
[01m[K/home/user/ros2_humble/install/rclcpp/include/rclcpp/rclcpp/node.hpp:195:3:[m[K [01;36m[Knote: [m[Kcandidate: â€˜[01m[Ktemplate<class MessageT, class AllocatorT, class PublisherT> std::shared_ptr<PublisherT> rclcpp::Node::create_publisher(const string&, const rclcpp::QoS&, const rclcpp::PublisherOptionsWithAllocator<AllocatorT>&)[m[Kâ€™
  195 |   [01;36m[Kcreate_publisher[m[K(
      |   [01;36m[K^~~~~~~~~~~~~~~~[m[K
[01m[K/home/user/ros2_humble/install/rclcpp/include/rclcpp/rclcpp/node.hpp:195:3:[m[K [01;36m[Knote: [m[K  template argument deduction/substitution failed:
[01m[K/home/user/template_ws/src/robot_v2_pkg/src/robot_v2_node.cpp:28:62:[m[K [01;31m[Kerror: [m[Ktemplate argument 1 is invalid
   28 |      publisher_ = [01;31m[Kthis->create_publisher<std_msgs::msg::Vel>("vel", 10)[m[K;
      |                   [01;31m[K~~~~~~~~~~~~~~~~~~~~~~~~~~~~~~~~~~~~~~~~~~^~~~~~~~~~~[m[K

[01m[K/home/user/template_ws/src/robot_v2_pkg/src/robot_v2_node.cpp:32:7:[m[K [01;31m[Kerror: [m[Kâ€˜[01m[Ksubscription_[m[Kâ€™ was not declared in this scope; did you mean â€˜[01m[Krmw_subscription_t[m[Kâ€™?
   32 |       [01;31m[Ksubscription_[m[K = this->create_subscription<std_msgs::msg::Dist>("dist", 10, std::bind(&Robot_v2::topic_callback, this, _1));
      |       [01;31m[K^~~~~~~~~~~~~[m[K
      |       [32m[Krmw_subscription_t[m[K
[01m[K/home/user/template_ws/src/robot_v2_pkg/src/robot_v2_node.cpp:32:64:[m[K [01;31m[Kerror: [m[Kâ€˜[01m[KDist[m[Kâ€™ is not a member of â€˜[01m[Kstd_msgs::msg[m[Kâ€™; did you mean â€˜[01m[Kmy_interfaces::msg::Dist[m[Kâ€™?
   32 |    subscription_ = this->create_subscription<std_msgs::msg::[01;31m[KDist[m[K>("dist", 10, std::bind(&Robot_v2::topic_callback, this, _1));
      |                                                             [01;31m[K^~~~[m[K

In file included from [01m[K/home/user/template_ws/build/my_interfaces/rosidl_generator_cpp/my_interfaces/msg/dist.hpp:7[m[K,
                 from [01m[K/home/user/template_ws/src/robot_v2_pkg/src/robot_v2_node.cpp:11[m[K:
[01m[K/home/user/template_ws/build/my_interfaces/rosidl_generator_cpp/my_interfaces/msg/detail/dist__struct.hpp:122:7:[m[K [01;36m[Knote: [m[Kâ€˜[01m[Kmy_interfaces::msg::Dist[m[Kâ€™ declared here
  122 | using [01;36m[KDist[m[K =
      |       [01;36m[K^~~~[m[K
[01m[K/home/user/template_ws/src/robot_v2_pkg/src/robot_v2_node.cpp:32:69:[m[K [01;31m[Kerror: [m[Kno matching function for call to â€˜[01m[KRobot_v2::create_subscription<<expression error> >(const char [5], int, std::_Bind_helper<false, void (Robot_v2::*)(const int&) const, Robot_v2*, const std::_Placeholder<1>&>::type)[m[Kâ€™
   32 | bscription_ = [01;31m[Kthis->create_subscription<std_msgs::msg::Dist>("dist", 10, std::bind(&Robot_v2::topic_callback, this, _1))[m[K;
      |               [01;31m[K~~~~~~~~~~~~~~~~~~~~~~~~~~~~~~~~~~~~~~~~~~~~~~^~~~~~~~~~~~~~~~~~~~~~~~~~~~~~~~~~~~~~~~~~~~~~~~~~~~~~~~~~~~[m[K

In file included from [01m[K/home/user/ros2_humble/install/rclcpp/include/rclcpp/rclcpp/executors/single_threaded_executor.hpp:28[m[K,
                 from [01m[K/home/user/ros2_humble/install/rclcpp/include/rclcpp/rclcpp/executors.hpp:22[m[K,
                 from [01m[K/home/user/ros2_humble/install/rclcpp/include/rclcpp/rclcpp/rclcpp.hpp:155[m[K,
                 from [01m[K/home/user/template_ws/src/robot_v2_pkg/src/robot_v2_node.cpp:9[m[K:
[01m[K/home/user/ros2_humble/install/rclcpp/include/rclcpp/rclcpp/node.hpp:219:3:[m[K [01;36m[Knote: [m[Kcandidate: â€˜[01m[Ktemplate<class MessageT, class CallbackT, class AllocatorT, class SubscriptionT, class MessageMemoryStrategyT> std::shared_ptr<ROSMessageT> rclcpp::Node::create_subscription(const string&, const rclcpp::QoS&, CallbackT&&, const rclcpp::SubscriptionOptionsWithAllocator<AllocatorT>&, typename MessageMemoryStrategyT::SharedPtr)[m[Kâ€™
  219 |   [01;36m[Kcreate_subscription[m[K(
      |   [01;36m[K^~~~~~~~~~~~~~~~~~~[m[K
[01m[K/home/user/ros2_humble/install/rclcpp/include/rclcpp/rclcpp/node.hpp:219:3:[m[K [01;36m[Knote: [m[K  template argument deduction/substitution failed:
[01m[K/home/user/template_ws/src/robot_v2_pkg/src/robot_v2_node.cpp:32:69:[m[K [01;31m[Kerror: [m[Ktemplate argument 1 is invalid
   32 | bscription_ = [01;31m[Kthis->create_subscription<std_msgs::msg::Dist>("dist", 10, std::bind(&Robot_v2::topic_callback, this, _1))[m[K;
      |               [01;31m[K~~~~~~~~~~~~~~~~~~~~~~~~~~~~~~~~~~~~~~~~~~~~~~^~~~~~~~~~~~~~~~~~~~~~~~~~~~~~~~~~~~~~~~~~~~~~~~~~~~~~~~~~~~[m[K

[01m[K/home/user/template_ws/src/robot_v2_pkg/src/robot_v2_node.cpp:[m[K In member function â€˜[01m[Kvoid Robot_v2::timer_callback()[m[Kâ€™:
[01m[K/home/user/template_ws/src/robot_v2_pkg/src/robot_v2_node.cpp:40:37:[m[K [01;31m[Kerror: [m[Kâ€˜[01m[KVel[m[Kâ€™ is not a member of â€˜[01m[Kstd_msgs::msg[m[Kâ€™; did you mean â€˜[01m[Kmy_interfaces::msg::Vel[m[Kâ€™?
   40 |       auto message = std_msgs::msg::[01;31m[KVel[m[K();
      |                                     [01;31m[K^~~[m[K
In file included from [01m[K/home/user/template_ws/build/my_interfaces/rosidl_generator_cpp/my_interfaces/msg/vel.hpp:7[m[K,
                 from [01m[K/home/user/template_ws/src/robot_v2_pkg/src/robot_v2_node.cpp:12[m[K:
[01m[K/home/user/template_ws/build/my_interfaces/rosidl_generator_cpp/my_interfaces/msg/detail/vel__struct.hpp:122:7:[m[K [01;36m[Knote: [m[Kâ€˜[01m[Kmy_interfaces::msg::Vel[m[Kâ€™ declared here
  122 | using [01;36m[KVel[m[K =
      |       [01;36m[K^~~[m[K
[01m[K/home/user/template_ws/src/robot_v2_pkg/src/robot_v2_node.cpp:43:7:[m[K [01;31m[Kerror: [m[Kâ€˜[01m[Kpublisher_[m[Kâ€™ was not declared in this scope; did you mean â€˜[01m[Krmw_publisher_t[m[Kâ€™?
   43 |       [01;31m[Kpublisher_[m[K->publish(message);
      |       [01;31m[K^~~~~~~~~~[m[K
      |       [32m[Krmw_publisher_t[m[K
In file included from [01m[K/home/user/ros2_humble/build/rclcpp/include/rclcpp/logging.hpp:24[m[K,
                 from [01m[K/home/user/ros2_humble/install/rclcpp/include/rclcpp/rclcpp/client.hpp:40[m[K,
                 from [01m[K/home/user/ros2_humble/install/rclcpp/include/rclcpp/rclcpp/callback_group.hpp:24[m[K,
                 from [01m[K/home/user/ros2_humble/install/rclcpp/include/rclcpp/rclcpp/any_executable.hpp:20[m[K,
                 from [01m[K/home/user/ros2_humble/install/rclcpp/include/rclcpp/rclcpp/memory_strategy.hpp:25[m[K,
                 from [01m[K/home/user/ros2_humble/install/rclcpp/include/rclcpp/rclcpp/memory_strategies.hpp:18[m[K,
                 from [01m[K/home/user/ros2_humble/install/rclcpp/include/rclcpp/rclcpp/executor_options.hpp:20[m[K,
                 from [01m[K/home/user/ros2_humble/install/rclcpp/include/rclcpp/rclcpp/executor.hpp:37[m[K,
                 from [01m[K/home/user/ros2_humble/install/rclcpp/include/rclcpp/rclcpp/executors/multi_threaded_executor.hpp:25[m[K,
                 from [01m[K/home/user/ros2_humble/install/rclcpp/include/rclcpp/rclcpp/executors.hpp:21[m[K,
                 from [01m[K/home/user/ros2_humble/install/rclcpp/include/rclcpp/rclcpp/rclcpp.hpp:155[m[K,
                 from [01m[K/home/user/template_ws/src/robot_v2_pkg/src/robot_v2_node.cpp:9[m[K:
[01m[K/home/user/template_ws/src/robot_v2_pkg/src/robot_v2_node.cpp:[m[K In member function â€˜[01m[Kvoid Robot_v2::topic_callback(const int&) const[m[Kâ€™:
[01m[K/home/user/template_ws/src/robot_v2_pkg/src/robot_v2_node.cpp:48:70:[m[K [01;31m[Kerror: [m[Krequest for member â€˜[01m[Kdata[m[Kâ€™ in â€˜[01m[Kmsg[m[Kâ€™, which is of non-class type â€˜[01m[Kconst int[m[Kâ€™
   48 | CPP_INFO(this->get_logger(), "I heard, distance: '%s'", msg.[01;31m[Kdata[m[K.c_str());
      |                                                             [01;31m[K^~~~[m[K

gmake[2]: *** [CMakeFiles/robot_v2_node.dir/build.make:76: CMakeFiles/robot_v2_node.dir/src/robot_v2_node.cpp.o] Error 1
gmake[1]: *** [CMakeFiles/Makefile2:137: CMakeFiles/robot_v2_node.dir/all] Error 2
gmake: *** [Makefile:146: all] Error 2
