[0.086s] Invoking command in '/home/user/template_ws/build/robot_v2_pkg': CMAKE_PREFIX_PATH=/home/user/template_ws/install/my_interfaces:/home/user/template_ws/install/robot_pkg:/home/user/ros2_humble/install/rosbag2_storage_mcap:/home/user/ros2_humble/install/rosbag2:/home/user/ros2_humble/install/rosbag2_compression_zstd:/home/user/ros2_humble/install/mcap_vendor:/home/user/ros2_humble/install/zstd_vendor:/home/user/ros2_humble/install/rviz_visual_testing_framework:/home/user/ros2_humble/install/rviz2:/home/user/ros2_humble/install/rviz_default_plugins:/home/user/ros2_humble/install/rviz_common:/home/user/ros2_humble/install/rosbag2_py:/home/user/ros2_humble/install/rosbag2_transport:/home/user/ros2_humble/install/rosbag2_performance_benchmarking:/home/user/ros2_humble/install/rosbag2_compression:/home/user/ros2_humble/install/rosbag2_cpp:/home/user/ros2_humble/install/rosbag2_storage_default_plugins:/home/user/ros2_humble/install/rosbag2_storage:/home/user/ros2_humble/install/image_common:/home/user/ros2_humble/install/camera_info_manager:/home/user/ros2_humble/install/camera_calibration_parsers:/home/user/ros2_humble/install/yaml_cpp_vendor:/home/user/ros2_humble/install/interactive_markers:/home/user/ros2_humble/install/common_interfaces:/home/user/ros2_humble/install/visualization_msgs:/home/user/ros2_humble/install/dummy_robot_bringup:/home/user/ros2_humble/install/robot_state_publisher:/home/user/ros2_humble/install/kdl_parser:/home/user/ros2_humble/install/urdf:/home/user/ros2_humble/install/urdfdom:/home/user/ros2_humble/install/urdf_parser_plugin:/home/user/ros2_humble/install/urdfdom_headers:/home/user/ros2_humble/install/turtlesim:/home/user/ros2_humble/install/geometry2:/home/user/ros2_humble/install/tf2_sensor_msgs:/home/user/ros2_humble/install/test_tf2:/home/user/ros2_humble/install/tf2_kdl:/home/user/ros2_humble/install/tf2_geometry_msgs:/home/user/ros2_humble/install/tf2_eigen:/home/user/ros2_humble/install/tf2_bullet:/home/user/ros2_humble/install/tf2_ros:/home/user/ros2_humble/install/tf2_py:/home/user/ros2_humble/install/tf2_msgs:/home/user/ros2_humble/install/test_msgs:/home/user/ros2_humble/install/sros2_cmake:/home/user/ros2_humble/install/ros2cli_common_extensions:/home/user/ros2_humble/install/rqt_py_common:/home/user/ros2_humble/install/rosbag2_storage_mcap_testdata:/home/user/ros2_humble/install/ros_testing:/home/user/ros2_humble/install/ros2cli_test_interfaces:/home/user/ros2_humble/install/quality_of_service_demo_cpp:/home/user/ros2_humble/install/image_transport:/home/user/ros2_humble/install/message_filters:/home/user/ros2_humble/install/demo_nodes_cpp:/home/user/ros2_humble/install/composition:/home/user/ros2_humble/install/laser_geometry:/home/user/ros2_humble/install/rclpy:/home/user/ros2_humble/install/examples_rclcpp_minimal_action_server:/home/user/ros2_humble/install/examples_rclcpp_minimal_action_client:/home/user/ros2_humble/install/action_tutorials_cpp:/home/user/ros2_humble/install/rclcpp_action:/home/user/ros2_humble/install/rcl_action:/home/user/ros2_humble/install/examples_rclcpp_wait_set:/home/user/ros2_humble/install/examples_rclcpp_minimal_service:/home/user/ros2_humble/install/examples_rclcpp_minimal_client:/home/user/ros2_humble/install/examples_rclcpp_async_client:/home/user/ros2_humble/install/example_interfaces:/home/user/ros2_humble/install/action_tutorials_interfaces:/home/user/ros2_humble/install/action_msgs:/home/user/ros2_humble/install/unique_identifier_msgs:/home/user/ros2_humble/install/ament_lint_common:/home/user/ros2_humble/install/ament_cmake_uncrustify:/home/user/ros2_humble/install/uncrustify_vendor:/home/user/ros2_humble/install/trajectory_msgs:/home/user/ros2_humble/install/topic_statistics_demo:/home/user/ros2_humble/install/pendulum_control:/home/user/ros2_humble/install/tlsf_cpp:/home/user/ros2_humble/install/test_tracetools:/home/user/ros2_humble/install/rqt_gui_cpp:/home/user/ros2_humble/install/rosbag2_test_common:/home/user/ros2_humble/install/ros2lifecycle_test_fixtures:/home/user/ros2_humble/install/lifecycle:/home/user/ros2_humble/install/rclcpp_lifecycle:/home/user/ros2_humble/install/logging_demo:/home/user/ros2_humble/install/image_tools:/home/user/ros2_humble/install/examples_rclcpp_minimal_subscriber:/home/user/ros2_humble/install/examples_rclcpp_minimal_composition:/home/user/ros2_humble/install/demo_nodes_cpp_native:/home/user/ros2_humble/install/rclcpp_components:/home/user/ros2_humble/install/intra_process_demo:/home/user/ros2_humble/install/examples_rclcpp_multithreaded_executor:/home/user/ros2_humble/install/examples_rclcpp_minimal_timer:/home/user/ros2_humble/install/examples_rclcpp_minimal_publisher:/home/user/ros2_humble/install/examples_rclcpp_cbg_executor:/home/user/ros2_humble/install/dummy_sensors:/home/user/ros2_humble/install/dummy_map_server:/home/user/ros2_humble/install/rclcpp:/home/user/ros2_humble/install/rcl_lifecycle:/home/user/ros2_humble/install/libstatistics_collector:/home/user/ros2_humble/install/rcl:/home/user/ros2_humble/install/rmw_implementation:/home/user/ros2_humble/install/rmw_fastrtps_dynamic_cpp:/home/user/ros2_humble/install/rmw_fastrtps_cpp:/home/user/ros2_humble/install/rmw_fastrtps_shared_cpp:/home/user/ros2_humble/install/rmw_cyclonedds_cpp:/home/user/ros2_humble/install/tracetools:/home/user/ros2_humble/install/tlsf:/home/user/ros2_humble/install/tinyxml_vendor:/home/user/ros2_humble/install/qt_gui_core:/home/user/ros2_humble/install/qt_gui_cpp:/home/user/ros2_humble/install/pluginlib:/home/user/ros2_humble/install/tinyxml2_vendor:/home/user/ros2_humble/install/tf2_eigen_kdl:/home/user/ros2_humble/install/tf2:/home/user/ros2_humble/install/test_security:/home/user/ros2_humble/install/test_rmw_implementation:/home/user/ros2_humble/install/test_rclcpp:/home/user/ros2_humble/install/test_quality_of_service:/home/user/ros2_humble/install/test_launch_testing:/home/user/ros2_humble/install/test_interface_files:/home/user/ros2_humble/install/test_communication:/home/user/ros2_humble/install/test_cli_remapping:/home/user/ros2_humble/install/test_cli:/home/user/ros2_humble/install/qt_gui_app:/home/user/ros2_humble/install/qt_gui:/home/user/ros2_humble/install/tango_icons_vendor:/home/user/ros2_humble/install/stereo_msgs:/home/user/ros2_humble/install/std_srvs:/home/user/ros2_humble/install/shape_msgs:/home/user/ros2_humble/install/map_msgs:/home/user/ros2_humble/install/sensor_msgs:/home/user/ros2_humble/install/nav_msgs:/home/user/ros2_humble/install/diagnostic_msgs:/home/user/ros2_humble/install/geometry_msgs:/home/user/ros2_humble/install/actionlib_msgs:/home/user/ros2_humble/install/std_msgs:/home/user/ros2_humble/install/statistics_msgs:/home/user/ros2_humble/install/sqlite3_vendor:/home/user/ros2_humble/install/rcl_logging_spdlog:/home/user/ros2_humble/install/spdlog_vendor:/home/user/ros2_humble/install/shared_queues_vendor:/home/user/ros2_humble/install/rviz_rendering_tests:/home/user/ros2_humble/install/rviz_rendering:/home/user/ros2_humble/install/rviz_ogre_vendor:/home/user/ros2_humble/install/rviz_assimp_vendor:/home/user/ros2_humble/install/rttest:/home/user/ros2_humble/install/rmw_connextddsmicro:/home/user/ros2_humble/install/rmw_connextdds:/home/user/ros2_humble/install/rmw_connextdds_common:/home/user/ros2_humble/install/rti_connext_dds_cmake_module:/home/user/ros2_humble/install/rosgraph_msgs:/home/user/ros2_humble/install/rosbag2_interfaces:/home/user/ros2_humble/install/rmw_dds_common:/home/user/ros2_humble/install/composition_interfaces:/home/user/ros2_humble/install/rcl_interfaces:/home/user/ros2_humble/install/pendulum_msgs:/home/user/ros2_humble/install/lifecycle_msgs:/home/user/ros2_humble/install/builtin_interfaces:/home/user/ros2_humble/install/rosidl_default_runtime:/home/user/ros2_humble/install/rosidl_default_generators:/home/user/ros2_humble/install/rosidl_generator_py:/home/user/ros2_humble/install/rosidl_typesupport_introspection_tests:/home/user/ros2_humble/install/rosidl_typesupport_cpp:/home/user/ros2_humble/install/rosidl_typesupport_introspection_cpp:/home/user/ros2_humble/install/rosidl_typesupport_c:/home/user/ros2_humble/install/rosidl_typesupport_introspection_c:/home/user/ros2_humble/install/rosidl_typesupport_fastrtps_c:/home/user/ros2_humble/install/rosidl_typesupport_fastrtps_cpp:/home/user/ros2_humble/install/rosidl_generator_cpp:/home/user/ros2_humble/install/rosidl_runtime_cpp:/home/user/ros2_humble/install/rcl_yaml_param_parser:/home/user/ros2_humble/install/rmw:/home/user/ros2_humble/install/rosidl_runtime_c:/home/user/ros2_humble/install/rosidl_generator_c:/home/user/ros2_humble/install/rosidl_typesupport_interface:/home/user/ros2_humble/install/rosidl_generator_dds_idl:/home/user/ros2_humble/install/rosidl_cmake:/home/user/ros2_humble/install/rosidl_parser:/home/user/ros2_humble/install/rosidl_adapter:/home/user/ros2_humble/install/rosbag2_tests:/home/user/ros2_humble/install/ros_environment:/home/user/ros2_humble/install/rmw_implementation_cmake:/home/user/ros2_humble/install/resource_retriever:/home/user/ros2_humble/install/class_loader:/home/user/ros2_humble/install/rcpputils:/home/user/ros2_humble/install/rcl_logging_noop:/home/user/ros2_humble/install/rcl_logging_interface:/home/user/ros2_humble/install/rcutils:/home/user/ros2_humble/install/qt_gui_py_common:/home/user/ros2_humble/install/qt_dotgraph:/home/user/ros2_humble/install/python_qt_binding:/home/user/ros2_humble/install/python_orocos_kdl_vendor:/home/user/ros2_humble/install/launch_testing_ament_cmake:/home/user/ros2_humble/install/python_cmake_module:/home/user/ros2_humble/install/pybind11_vendor:/home/user/ros2_humble/install/performance_test_fixture:/home/user/ros2_humble/install/osrf_testing_tools_cpp:/home/user/ros2_humble/install/orocos_kdl_vendor:/home/user/ros2_humble/install/mimick_vendor:/home/user/ros2_humble/install/libyaml_vendor:/home/user/ros2_humble/install/libcurl_vendor:/home/user/ros2_humble/install/keyboard_handler:/home/user/ros2_humble/install/cyclonedds:/home/user/ros2_humble/install/iceoryx_posh:/home/user/ros2_humble/install/iceoryx_hoofs:/home/user/ros2_humble/install/iceoryx_binding_c:/home/user/ros2_humble/install/ament_cmake_ros:/home/user/ros2_humble/install/ament_cmake_gmock:/home/user/ros2_humble/install/gmock_vendor:/home/user/ros2_humble/install/ament_cmake_auto:/home/user/ros2_humble/install/ament_cmake_gtest:/home/user/ros2_humble/install/gtest_vendor:/home/user/ros2_humble/install/ament_cmake_google_benchmark:/home/user/ros2_humble/install/google_benchmark_vendor:/home/user/ros2_humble/install/fastrtps:/home/user/ros2_humble/install/foonathan_memory_vendor:/home/user/ros2_humble/install/fastrtps_cmake_module:/home/user/ros2_humble/install/fastcdr:/home/user/ros2_humble/install/eigen3_cmake_module:/home/user/ros2_humble/install/console_bridge_vendor:/home/user/ros2_humble/install/ament_cmake_xmllint:/home/user/ros2_humble/install/ament_cmake_pyflakes:/home/user/ros2_humble/install/ament_cmake_pycodestyle:/home/user/ros2_humble/install/ament_cmake_pep257:/home/user/ros2_humble/install/ament_cmake_pclint:/home/user/ros2_humble/install/ament_lint_auto:/home/user/ros2_humble/install/ament_cmake:/home/user/ros2_humble/install/ament_cmake_version:/home/user/ros2_humble/install/ament_cmake_vendor_package:/home/user/ros2_humble/install/ament_cmake_pytest:/home/user/ros2_humble/install/ament_cmake_nose:/home/user/ros2_humble/install/ament_cmake_mypy:/home/user/ros2_humble/install/ament_cmake_lint_cmake:/home/user/ros2_humble/install/ament_cmake_flake8:/home/user/ros2_humble/install/ament_cmake_cpplint:/home/user/ros2_humble/install/ament_cmake_cppcheck:/home/user/ros2_humble/install/ament_cmake_copyright:/home/user/ros2_humble/install/ament_cmake_clang_tidy:/home/user/ros2_humble/install/ament_cmake_clang_format:/home/user/ros2_humble/install/ament_cmake_test:/home/user/ros2_humble/install/ament_cmake_target_dependencies:/home/user/ros2_humble/install/ament_cmake_python:/home/user/ros2_humble/install/ament_cmake_export_dependencies:/home/user/ros2_humble/install/ament_cmake_libraries:/home/user/ros2_humble/install/ament_cmake_include_directories:/home/user/ros2_humble/install/ament_cmake_gen_version_h:/home/user/ros2_humble/install/ament_cmake_export_targets:/home/user/ros2_humble/install/ament_cmake_export_link_flags:/home/user/ros2_humble/install/ament_cmake_export_interfaces:/home/user/ros2_humble/install/ament_cmake_export_libraries:/home/user/ros2_humble/install/ament_cmake_export_include_directories:/home/user/ros2_humble/install/ament_cmake_export_definitions:/home/user/ros2_humble/install/ament_cmake_core:/home/user/ros2_humble/install/ament_index_cpp:/home/user/template_ws/install/camera_pkg:/home/user/ros2_humble/install/rqt_bag_plugins:/home/user/ros2_humble/install/rqt_bag:/home/user/ros2_humble/install/ros2bag:/home/user/ros2_humble/install/tracetools_test:/home/user/ros2_humble/install/tracetools_launch:/home/user/ros2_humble/install/topic_monitor:/home/user/ros2_humble/install/tf2_tools:/home/user/ros2_humble/install/examples_tf2_py:/home/user/ros2_humble/install/tf2_ros_py:/home/user/ros2_humble/install/sros2:/home/user/ros2_humble/install/rqt_topic:/home/user/ros2_humble/install/rqt_srv:/home/user/ros2_humble/install/rqt_shell:/home/user/ros2_humble/install/rqt_service_caller:/home/user/ros2_humble/install/rqt_reconfigure:/home/user/ros2_humble/install/rqt_py_console:/home/user/ros2_humble/install/rqt_publisher:/home/user/ros2_humble/install/rqt_plot:/home/user/ros2_humble/install/rqt_action:/home/user/ros2_humble/install/rqt_msg:/home/user/ros2_humble/install/rqt_console:/home/user/ros2_humble/install/rqt:/home/user/ros2_humble/install/rqt_graph:/home/user/ros2_humble/install/rqt_gui_py:/home/user/ros2_humble/install/rqt_gui:/home/user/ros2_humble/install/ros2trace:/home/user/ros2_humble/install/ros2topic:/home/user/ros2_humble/install/ros2test:/home/user/ros2_humble/install/ros2component:/home/user/ros2_humble/install/ros2param:/home/user/ros2_humble/install/ros2lifecycle:/home/user/ros2_humble/install/ros2service:/home/user/ros2_humble/install/ros2run:/home/user/ros2_humble/install/ros2launch:/home/user/ros2_humble/install/ros2pkg:/home/user/ros2_humble/install/ros2node:/home/user/ros2_humble/install/ros2multicast:/home/user/ros2_humble/install/ros2interface:/home/user/ros2_humble/install/ros2doctor:/home/user/ros2_humble/install/ros2action:/home/user/ros2_humble/install/ros2cli:/home/user/ros2_humble/install/quality_of_service_demo_py:/home/user/ros2_humble/install/lifecycle_py:/home/user/ros2_humble/install/launch_testing_ros:/home/user/ros2_humble/install/launch_ros:/home/user/ros2_humble/install/examples_rclpy_pointcloud_publisher:/home/user/ros2_humble/install/examples_rclpy_minimal_subscriber:/home/user/ros2_humble/install/examples_rclpy_minimal_service:/home/user/ros2_humble/install/examples_rclpy_minimal_publisher:/home/user/ros2_humble/install/examples_rclpy_minimal_client:/home/user/ros2_humble/install/examples_rclpy_minimal_action_server:/home/user/ros2_humble/install/examples_rclpy_minimal_action_client:/home/user/ros2_humble/install/examples_rclpy_guard_conditions:/home/user/ros2_humble/install/examples_rclpy_executors:/home/user/ros2_humble/install/demo_nodes_py:/home/user/ros2_humble/install/action_tutorials_py:/home/user/ros2_humble/install/ament_uncrustify:/home/user/ros2_humble/install/tracetools_trace:/home/user/ros2_humble/install/tracetools_read:/home/user/ros2_humble/install/test_tracetools_launch:/home/user/ros2_humble/install/test_launch_ros:/home/user/ros2_humble/install/sensor_msgs_py:/home/user/ros2_humble/install/rpyutils:/home/user/ros2_humble/install/rosidl_runtime_py:/home/user/ros2_humble/install/rosidl_cli:/home/user/ros2_humble/install/launch_pytest:/home/user/ros2_humble/install/launch_testing:/home/user/ros2_humble/install/launch_yaml:/home/user/ros2_humble/install/launch_xml:/home/user/ros2_humble/install/launch:/home/user/ros2_humble/install/osrf_pycommon:/home/user/ros2_humble/install/launch_testing_examples:/home/user/ros2_humble/install/domain_coordinator:/home/user/ros2_humble/install/ament_xmllint:/home/user/ros2_humble/install/ament_pyflakes:/home/user/ros2_humble/install/ament_pycodestyle:/home/user/ros2_humble/install/ament_pep257:/home/user/ros2_humble/install/ament_pclint:/home/user/ros2_humble/install/ament_package:/home/user/ros2_humble/install/ament_mypy:/home/user/ros2_humble/install/ament_lint_cmake:/home/user/ros2_humble/install/ament_flake8:/home/user/ros2_humble/install/ament_copyright:/home/user/ros2_humble/install/ament_lint:/home/user/ros2_humble/install/ament_index_python:/home/user/ros2_humble/install/ament_cpplint:/home/user/ros2_humble/install/ament_cppcheck:/home/user/ros2_humble/install/ament_clang_tidy:/home/user/ros2_humble/install/ament_clang_format /usr/bin/cmake --build /home/user/template_ws/build/robot_v2_pkg -- -j4 -l4
[0.170s] -- Found ament_cmake: 1.3.5 (/home/user/ros2_humble/install/ament_cmake/share/ament_cmake/cmake)
[1.094s] -- Override CMake install command with custom implementation using symlinks instead of copying resources
[1.105s] -- Found rclcpp: 16.0.4 (/home/user/ros2_humble/install/rclcpp/share/rclcpp/cmake)
[1.160s] -- Found rosidl_generator_c: 3.1.4 (/home/user/ros2_humble/install/rosidl_generator_c/share/rosidl_generator_c/cmake)
[1.164s] -- Found rosidl_adapter: 3.1.4 (/home/user/ros2_humble/install/rosidl_adapter/share/rosidl_adapter/cmake)
[1.172s] -- Found rosidl_generator_cpp: 3.1.4 (/home/user/ros2_humble/install/rosidl_generator_cpp/share/rosidl_generator_cpp/cmake)
[1.229s] -- Using all available rosidl_typesupport_c: rosidl_typesupport_introspection_c;rosidl_typesupport_fastrtps_c
[1.288s] -- Using all available rosidl_typesupport_cpp: rosidl_typesupport_introspection_cpp;rosidl_typesupport_fastrtps_cpp
[1.412s] -- Found rmw_implementation_cmake: 6.1.1 (/home/user/ros2_humble/install/rmw_implementation_cmake/share/rmw_implementation_cmake/cmake)
[1.451s] -- Found rmw_fastrtps_cpp: 6.2.2 (/home/user/ros2_humble/install/rmw_fastrtps_cpp/share/rmw_fastrtps_cpp/cmake)
[1.909s] -- Using RMW implementation 'rmw_fastrtps_cpp' as default
[2.137s] -- Found my_interfaces: 0.0.0 (/home/user/template_ws/install/my_interfaces/share/my_interfaces/cmake)
[2.778s] -- Configuring done
[2.810s] -- Generating done
[2.813s] -- Build files have been written to: /home/user/template_ws/build/robot_v2_pkg
[2.955s] [35m[1mConsolidate compiler generated dependencies of target robot_v2_node[0m
[3.015s] [ 50%] [32mBuilding CXX object CMakeFiles/robot_v2_node.dir/src/robot_v2_node.cpp.o[0m
[6.495s] [01m[K/home/user/template_ws/src/robot_v2_pkg/src/robot_v2_node.cpp:46:46:[m[K [01;31m[Kerror: [m[Kâ€˜[01m[KDist[m[Kâ€™ in namespace â€˜[01m[Kstd_msgs::msg[m[Kâ€™ does not name a type
[6.495s]    46 |     void topic_callback(const std_msgs::msg::[01;31m[KDist[m[K & msg) const
[6.496s]       |                                              [01;31m[K^~~~[m[K
[6.497s] [01m[K/home/user/template_ws/src/robot_v2_pkg/src/robot_v2_node.cpp:53:38:[m[K [01;31m[Kerror: [m[Kâ€˜[01m[KVel[m[Kâ€™ is not a member of â€˜[01m[Kstd_msgs::msg[m[Kâ€™; did you mean â€˜[01m[Kmy_interfaces::msg::Vel[m[Kâ€™?
[6.498s]    53 |     rclcpp::Publisher<std_msgs::msg::[01;31m[KVel[m[K>::SharedPtr publisher_;
[6.498s]       |                                      [01;31m[K^~~[m[K
[6.498s] In file included from [01m[K/home/user/template_ws/build/my_interfaces/rosidl_generator_cpp/my_interfaces/msg/vel.hpp:7[m[K,
[6.498s]                  from [01m[K/home/user/template_ws/src/robot_v2_pkg/src/robot_v2_node.cpp:12[m[K:
[6.498s] [01m[K/home/user/template_ws/build/my_interfaces/rosidl_generator_cpp/my_interfaces/msg/detail/vel__struct.hpp:122:7:[m[K [01;36m[Knote: [m[Kâ€˜[01m[Kmy_interfaces::msg::Vel[m[Kâ€™ declared here
[6.498s]   122 | using [01;36m[KVel[m[K =
[6.498s]       |       [01;36m[K^~~[m[K
[6.498s] [01m[K/home/user/template_ws/src/robot_v2_pkg/src/robot_v2_node.cpp:53:41:[m[K [01;31m[Kerror: [m[Ktemplate argument 1 is invalid
[6.498s]    53 |     rclcpp::Publisher<std_msgs::msg::Vel[01;31m[K>[m[K::SharedPtr publisher_;
[6.498s]       |                                         [01;31m[K^[m[K
[6.498s] [01m[K/home/user/template_ws/src/robot_v2_pkg/src/robot_v2_node.cpp:53:44:[m[K [01;31m[Kerror: [m[Kexpected â€˜[01m[K;[m[Kâ€™ at end of member declaration
[6.499s]    53 |     rclcpp::Publisher<std_msgs::msg::Vel>::[01;31m[KSharedPtr[m[K publisher_;
[6.499s]       |                                            [01;31m[K^~~~~~~~~[m[K
[6.499s]       |                                                     [32m[K;[m[K
[6.501s] [01m[K/home/user/template_ws/src/robot_v2_pkg/src/robot_v2_node.cpp:53:54:[m[K [01;31m[Kerror: [m[Kâ€˜[01m[Kpublisher_[m[Kâ€™ does not name a type; did you mean â€˜[01m[Krmw_publisher_t[m[Kâ€™?
[6.501s]    53 |     rclcpp::Publisher<std_msgs::msg::Vel>::SharedPtr [01;31m[Kpublisher_[m[K;
[6.502s]       |                                                      [01;31m[K^~~~~~~~~~[m[K
[6.502s]       |                                                      [32m[Krmw_publisher_t[m[K
[6.502s] [01m[K/home/user/template_ws/src/robot_v2_pkg/src/robot_v2_node.cpp:54:41:[m[K [01;31m[Kerror: [m[Kâ€˜[01m[KDist[m[Kâ€™ is not a member of â€˜[01m[Kstd_msgs::msg[m[Kâ€™; did you mean â€˜[01m[Kmy_interfaces::msg::Dist[m[Kâ€™?
[6.502s]    54 |     rclcpp::Subscription<std_msgs::msg::[01;31m[KDist[m[K>::SharedPtr subscription_;
[6.502s]       |                                         [01;31m[K^~~~[m[K
[6.502s] In file included from [01m[K/home/user/template_ws/build/my_interfaces/rosidl_generator_cpp/my_interfaces/msg/dist.hpp:7[m[K,
[6.502s]                  from [01m[K/home/user/template_ws/src/robot_v2_pkg/src/robot_v2_node.cpp:11[m[K:
[6.502s] [01m[K/home/user/template_ws/build/my_interfaces/rosidl_generator_cpp/my_interfaces/msg/detail/dist__struct.hpp:122:7:[m[K [01;36m[Knote: [m[Kâ€˜[01m[Kmy_interfaces::msg::Dist[m[Kâ€™ declared here
[6.502s]   122 | using [01;36m[KDist[m[K =
[6.503s]       |       [01;36m[K^~~~[m[K
[6.503s] [01m[K/home/user/template_ws/src/robot_v2_pkg/src/robot_v2_node.cpp:54:45:[m[K [01;31m[Kerror: [m[Ktemplate argument 1 is invalid
[6.503s]    54 |     rclcpp::Subscription<std_msgs::msg::Dist[01;31m[K>[m[K::SharedPtr subscription_;
[6.503s]       |                                             [01;31m[K^[m[K
[6.503s] [01m[K/home/user/template_ws/src/robot_v2_pkg/src/robot_v2_node.cpp:54:45:[m[K [01;31m[Kerror: [m[Ktemplate argument 3 is invalid
[6.503s] [01m[K/home/user/template_ws/src/robot_v2_pkg/src/robot_v2_node.cpp:54:45:[m[K [01;31m[Kerror: [m[Ktemplate argument 4 is invalid
[6.503s] [01m[K/home/user/template_ws/src/robot_v2_pkg/src/robot_v2_node.cpp:54:45:[m[K [01;31m[Kerror: [m[Ktemplate argument 5 is invalid
[6.506s] [01m[K/home/user/template_ws/src/robot_v2_pkg/src/robot_v2_node.cpp:54:48:[m[K [01;31m[Kerror: [m[Kexpected â€˜[01m[K;[m[Kâ€™ at end of member declaration
[6.507s]    54 |     rclcpp::Subscription<std_msgs::msg::Dist>::[01;31m[KSharedPtr[m[K subscription_;
[6.507s]       |                                                [01;31m[K^~~~~~~~~[m[K
[6.507s]       |                                                         [32m[K;[m[K
[6.507s] [01m[K/home/user/template_ws/src/robot_v2_pkg/src/robot_v2_node.cpp:54:48:[m[K [01;31m[Kerror: [m[Kredeclaration of â€˜[01m[Kint Robot_v2::SharedPtr[m[Kâ€™
[6.507s] [01m[K/home/user/template_ws/src/robot_v2_pkg/src/robot_v2_node.cpp:53:44:[m[K [01;36m[Knote: [m[Kprevious declaration â€˜[01m[Kint Robot_v2::SharedPtr[m[Kâ€™
[6.507s]    53 |     rclcpp::Publisher<std_msgs::msg::Vel>::[01;36m[KSharedPtr[m[K publisher_;
[6.508s]       |                                            [01;36m[K^~~~~~~~~[m[K
[6.508s] [01m[K/home/user/template_ws/src/robot_v2_pkg/src/robot_v2_node.cpp:54:58:[m[K [01;31m[Kerror: [m[Kâ€˜[01m[Ksubscription_[m[Kâ€™ does not name a type; did you mean â€˜[01m[Krmw_subscription_t[m[Kâ€™?
[6.508s]    54 |     rclcpp::Subscription<std_msgs::msg::Dist>::SharedPtr [01;31m[Ksubscription_[m[K;
[6.508s]       |                                                          [01;31m[K^~~~~~~~~~~~~[m[K
[6.508s]       |                                                          [32m[Krmw_subscription_t[m[K
[6.521s] [01m[K/home/user/template_ws/src/robot_v2_pkg/src/robot_v2_node.cpp:[m[K In constructor â€˜[01m[KRobot_v2::Robot_v2()[m[Kâ€™:
[6.521s] [01m[K/home/user/template_ws/src/robot_v2_pkg/src/robot_v2_node.cpp:28:7:[m[K [01;31m[Kerror: [m[Kâ€˜[01m[Kpublisher_[m[Kâ€™ was not declared in this scope; did you mean â€˜[01m[Krmw_publisher_t[m[Kâ€™?
[6.521s]    28 |       [01;31m[Kpublisher_[m[K = this->create_publisher<std_msgs::msg::Vel>("vel", 10);
[6.521s]       |       [01;31m[K^~~~~~~~~~[m[K
[6.521s]       |       [32m[Krmw_publisher_t[m[K
[6.521s] [01m[K/home/user/template_ws/src/robot_v2_pkg/src/robot_v2_node.cpp:28:58:[m[K [01;31m[Kerror: [m[Kâ€˜[01m[KVel[m[Kâ€™ is not a member of â€˜[01m[Kstd_msgs::msg[m[Kâ€™; did you mean â€˜[01m[Kmy_interfaces::msg::Vel[m[Kâ€™?
[6.522s]    28 |       publisher_ = this->create_publisher<std_msgs::msg::[01;31m[KVel[m[K>("vel", 10);
[6.522s]       |                                                          [01;31m[K^~~[m[K
[6.522s] In file included from [01m[K/home/user/template_ws/build/my_interfaces/rosidl_generator_cpp/my_interfaces/msg/vel.hpp:7[m[K,
[6.522s]                  from [01m[K/home/user/template_ws/src/robot_v2_pkg/src/robot_v2_node.cpp:12[m[K:
[6.522s] [01m[K/home/user/template_ws/build/my_interfaces/rosidl_generator_cpp/my_interfaces/msg/detail/vel__struct.hpp:122:7:[m[K [01;36m[Knote: [m[Kâ€˜[01m[Kmy_interfaces::msg::Vel[m[Kâ€™ declared here
[6.522s]   122 | using [01;36m[KVel[m[K =
[6.522s]       |       [01;36m[K^~~[m[K
[6.522s] [01m[K/home/user/template_ws/src/robot_v2_pkg/src/robot_v2_node.cpp:28:62:[m[K [01;31m[Kerror: [m[Kno matching function for call to â€˜[01m[KRobot_v2::create_publisher<<expression error> >(const char [4], int)[m[Kâ€™
[6.522s]    28 |      publisher_ = [01;31m[Kthis->create_publisher<std_msgs::msg::Vel>("vel", 10)[m[K;
[6.523s]       |                   [01;31m[K~~~~~~~~~~~~~~~~~~~~~~~~~~~~~~~~~~~~~~~~~~^~~~~~~~~~~[m[K
[6.523s] 
[6.523s] In file included from [01m[K/home/user/ros2_humble/install/rclcpp/include/rclcpp/rclcpp/executors/single_threaded_executor.hpp:28[m[K,
[6.523s]                  from [01m[K/home/user/ros2_humble/install/rclcpp/include/rclcpp/rclcpp/executors.hpp:22[m[K,
[6.523s]                  from [01m[K/home/user/ros2_humble/install/rclcpp/include/rclcpp/rclcpp/rclcpp.hpp:155[m[K,
[6.523s]                  from [01m[K/home/user/template_ws/src/robot_v2_pkg/src/robot_v2_node.cpp:9[m[K:
[6.523s] [01m[K/home/user/ros2_humble/install/rclcpp/include/rclcpp/rclcpp/node.hpp:195:3:[m[K [01;36m[Knote: [m[Kcandidate: â€˜[01m[Ktemplate<class MessageT, class AllocatorT, class PublisherT> std::shared_ptr<PublisherT> rclcpp::Node::create_publisher(const string&, const rclcpp::QoS&, const rclcpp::PublisherOptionsWithAllocator<AllocatorT>&)[m[Kâ€™
[6.523s]   195 |   [01;36m[Kcreate_publisher[m[K(
[6.523s]       |   [01;36m[K^~~~~~~~~~~~~~~~[m[K
[6.523s] [01m[K/home/user/ros2_humble/install/rclcpp/include/rclcpp/rclcpp/node.hpp:195:3:[m[K [01;36m[Knote: [m[K  template argument deduction/substitution failed:
[6.524s] [01m[K/home/user/template_ws/src/robot_v2_pkg/src/robot_v2_node.cpp:28:62:[m[K [01;31m[Kerror: [m[Ktemplate argument 1 is invalid
[6.524s]    28 |      publisher_ = [01;31m[Kthis->create_publisher<std_msgs::msg::Vel>("vel", 10)[m[K;
[6.524s]       |                   [01;31m[K~~~~~~~~~~~~~~~~~~~~~~~~~~~~~~~~~~~~~~~~~~^~~~~~~~~~~[m[K
[6.524s] 
[6.556s] [01m[K/home/user/template_ws/src/robot_v2_pkg/src/robot_v2_node.cpp:32:7:[m[K [01;31m[Kerror: [m[Kâ€˜[01m[Ksubscription_[m[Kâ€™ was not declared in this scope; did you mean â€˜[01m[Krmw_subscription_t[m[Kâ€™?
[6.556s]    32 |       [01;31m[Ksubscription_[m[K = this->create_subscription<std_msgs::msg::Dist>("dist", 10, std::bind(&Robot_v2::topic_callback, this, _1));
[6.556s]       |       [01;31m[K^~~~~~~~~~~~~[m[K
[6.556s]       |       [32m[Krmw_subscription_t[m[K
[6.564s] [01m[K/home/user/template_ws/src/robot_v2_pkg/src/robot_v2_node.cpp:32:64:[m[K [01;31m[Kerror: [m[Kâ€˜[01m[KDist[m[Kâ€™ is not a member of â€˜[01m[Kstd_msgs::msg[m[Kâ€™; did you mean â€˜[01m[Kmy_interfaces::msg::Dist[m[Kâ€™?
[6.564s]    32 |    subscription_ = this->create_subscription<std_msgs::msg::[01;31m[KDist[m[K>("dist", 10, std::bind(&Robot_v2::topic_callback, this, _1));
[6.566s]       |                                                             [01;31m[K^~~~[m[K
[6.566s] 
[6.566s] In file included from [01m[K/home/user/template_ws/build/my_interfaces/rosidl_generator_cpp/my_interfaces/msg/dist.hpp:7[m[K,
[6.566s]                  from [01m[K/home/user/template_ws/src/robot_v2_pkg/src/robot_v2_node.cpp:11[m[K:
[6.567s] [01m[K/home/user/template_ws/build/my_interfaces/rosidl_generator_cpp/my_interfaces/msg/detail/dist__struct.hpp:122:7:[m[K [01;36m[Knote: [m[Kâ€˜[01m[Kmy_interfaces::msg::Dist[m[Kâ€™ declared here
[6.568s]   122 | using [01;36m[KDist[m[K =
[6.568s]       |       [01;36m[K^~~~[m[K
[6.568s] [01m[K/home/user/template_ws/src/robot_v2_pkg/src/robot_v2_node.cpp:32:69:[m[K [01;31m[Kerror: [m[Kno matching function for call to â€˜[01m[KRobot_v2::create_subscription<<expression error> >(const char [5], int, std::_Bind_helper<false, void (Robot_v2::*)(const int&) const, Robot_v2*, const std::_Placeholder<1>&>::type)[m[Kâ€™
[6.568s]    32 | bscription_ = [01;31m[Kthis->create_subscription<std_msgs::msg::Dist>("dist", 10, std::bind(&Robot_v2::topic_callback, this, _1))[m[K;
[6.569s]       |               [01;31m[K~~~~~~~~~~~~~~~~~~~~~~~~~~~~~~~~~~~~~~~~~~~~~~^~~~~~~~~~~~~~~~~~~~~~~~~~~~~~~~~~~~~~~~~~~~~~~~~~~~~~~~~~~~[m[K
[6.569s] 
[6.569s] In file included from [01m[K/home/user/ros2_humble/install/rclcpp/include/rclcpp/rclcpp/executors/single_threaded_executor.hpp:28[m[K,
[6.569s]                  from [01m[K/home/user/ros2_humble/install/rclcpp/include/rclcpp/rclcpp/executors.hpp:22[m[K,
[6.569s]                  from [01m[K/home/user/ros2_humble/install/rclcpp/include/rclcpp/rclcpp/rclcpp.hpp:155[m[K,
[6.569s]                  from [01m[K/home/user/template_ws/src/robot_v2_pkg/src/robot_v2_node.cpp:9[m[K:
[6.569s] [01m[K/home/user/ros2_humble/install/rclcpp/include/rclcpp/rclcpp/node.hpp:219:3:[m[K [01;36m[Knote: [m[Kcandidate: â€˜[01m[Ktemplate<class MessageT, class CallbackT, class AllocatorT, class SubscriptionT, class MessageMemoryStrategyT> std::shared_ptr<ROSMessageT> rclcpp::Node::create_subscription(const string&, const rclcpp::QoS&, CallbackT&&, const rclcpp::SubscriptionOptionsWithAllocator<AllocatorT>&, typename MessageMemoryStrategyT::SharedPtr)[m[Kâ€™
[6.569s]   219 |   [01;36m[Kcreate_subscription[m[K(
[6.569s]       |   [01;36m[K^~~~~~~~~~~~~~~~~~~[m[K
[6.569s] [01m[K/home/user/ros2_humble/install/rclcpp/include/rclcpp/rclcpp/node.hpp:219:3:[m[K [01;36m[Knote: [m[K  template argument deduction/substitution failed:
[6.570s] [01m[K/home/user/template_ws/src/robot_v2_pkg/src/robot_v2_node.cpp:32:69:[m[K [01;31m[Kerror: [m[Ktemplate argument 1 is invalid
[6.570s]    32 | bscription_ = [01;31m[Kthis->create_subscription<std_msgs::msg::Dist>("dist", 10, std::bind(&Robot_v2::topic_callback, this, _1))[m[K;
[6.570s]       |               [01;31m[K~~~~~~~~~~~~~~~~~~~~~~~~~~~~~~~~~~~~~~~~~~~~~~^~~~~~~~~~~~~~~~~~~~~~~~~~~~~~~~~~~~~~~~~~~~~~~~~~~~~~~~~~~~[m[K
[6.570s] 
[6.570s] [01m[K/home/user/template_ws/src/robot_v2_pkg/src/robot_v2_node.cpp:[m[K In member function â€˜[01m[Kvoid Robot_v2::timer_callback()[m[Kâ€™:
[6.570s] [01m[K/home/user/template_ws/src/robot_v2_pkg/src/robot_v2_node.cpp:40:37:[m[K [01;31m[Kerror: [m[Kâ€˜[01m[KVel[m[Kâ€™ is not a member of â€˜[01m[Kstd_msgs::msg[m[Kâ€™; did you mean â€˜[01m[Kmy_interfaces::msg::Vel[m[Kâ€™?
[6.570s]    40 |       auto message = std_msgs::msg::[01;31m[KVel[m[K();
[6.570s]       |                                     [01;31m[K^~~[m[K
[6.570s] In file included from [01m[K/home/user/template_ws/build/my_interfaces/rosidl_generator_cpp/my_interfaces/msg/vel.hpp:7[m[K,
[6.570s]                  from [01m[K/home/user/template_ws/src/robot_v2_pkg/src/robot_v2_node.cpp:12[m[K:
[6.571s] [01m[K/home/user/template_ws/build/my_interfaces/rosidl_generator_cpp/my_interfaces/msg/detail/vel__struct.hpp:122:7:[m[K [01;36m[Knote: [m[Kâ€˜[01m[Kmy_interfaces::msg::Vel[m[Kâ€™ declared here
[6.571s]   122 | using [01;36m[KVel[m[K =
[6.571s]       |       [01;36m[K^~~[m[K
[6.582s] [01m[K/home/user/template_ws/src/robot_v2_pkg/src/robot_v2_node.cpp:43:7:[m[K [01;31m[Kerror: [m[Kâ€˜[01m[Kpublisher_[m[Kâ€™ was not declared in this scope; did you mean â€˜[01m[Krmw_publisher_t[m[Kâ€™?
[6.582s]    43 |       [01;31m[Kpublisher_[m[K->publish(message);
[6.583s]       |       [01;31m[K^~~~~~~~~~[m[K
[6.583s]       |       [32m[Krmw_publisher_t[m[K
[6.583s] In file included from [01m[K/home/user/ros2_humble/build/rclcpp/include/rclcpp/logging.hpp:24[m[K,
[6.583s]                  from [01m[K/home/user/ros2_humble/install/rclcpp/include/rclcpp/rclcpp/client.hpp:40[m[K,
[6.583s]                  from [01m[K/home/user/ros2_humble/install/rclcpp/include/rclcpp/rclcpp/callback_group.hpp:24[m[K,
[6.583s]                  from [01m[K/home/user/ros2_humble/install/rclcpp/include/rclcpp/rclcpp/any_executable.hpp:20[m[K,
[6.583s]                  from [01m[K/home/user/ros2_humble/install/rclcpp/include/rclcpp/rclcpp/memory_strategy.hpp:25[m[K,
[6.584s]                  from [01m[K/home/user/ros2_humble/install/rclcpp/include/rclcpp/rclcpp/memory_strategies.hpp:18[m[K,
[6.584s]                  from [01m[K/home/user/ros2_humble/install/rclcpp/include/rclcpp/rclcpp/executor_options.hpp:20[m[K,
[6.584s]                  from [01m[K/home/user/ros2_humble/install/rclcpp/include/rclcpp/rclcpp/executor.hpp:37[m[K,
[6.584s]                  from [01m[K/home/user/ros2_humble/install/rclcpp/include/rclcpp/rclcpp/executors/multi_threaded_executor.hpp:25[m[K,
[6.584s]                  from [01m[K/home/user/ros2_humble/install/rclcpp/include/rclcpp/rclcpp/executors.hpp:21[m[K,
[6.585s]                  from [01m[K/home/user/ros2_humble/install/rclcpp/include/rclcpp/rclcpp/rclcpp.hpp:155[m[K,
[6.585s]                  from [01m[K/home/user/template_ws/src/robot_v2_pkg/src/robot_v2_node.cpp:9[m[K:
[6.585s] [01m[K/home/user/template_ws/src/robot_v2_pkg/src/robot_v2_node.cpp:[m[K In member function â€˜[01m[Kvoid Robot_v2::topic_callback(const int&) const[m[Kâ€™:
[6.586s] [01m[K/home/user/template_ws/src/robot_v2_pkg/src/robot_v2_node.cpp:48:70:[m[K [01;31m[Kerror: [m[Krequest for member â€˜[01m[Kdata[m[Kâ€™ in â€˜[01m[Kmsg[m[Kâ€™, which is of non-class type â€˜[01m[Kconst int[m[Kâ€™
[6.586s]    48 | CPP_INFO(this->get_logger(), "I heard, distance: '%s'", msg.[01;31m[Kdata[m[K.c_str());
[6.586s]       |                                                             [01;31m[K^~~~[m[K
[6.586s] 
[7.365s] gmake[2]: *** [CMakeFiles/robot_v2_node.dir/build.make:76: CMakeFiles/robot_v2_node.dir/src/robot_v2_node.cpp.o] Error 1
[7.365s] gmake[1]: *** [CMakeFiles/Makefile2:137: CMakeFiles/robot_v2_node.dir/all] Error 2
[7.366s] gmake: *** [Makefile:146: all] Error 2
[7.370s] Invoked command in '/home/user/template_ws/build/robot_v2_pkg' returned '2': CMAKE_PREFIX_PATH=/home/user/template_ws/install/my_interfaces:/home/user/template_ws/install/robot_pkg:/home/user/ros2_humble/install/rosbag2_storage_mcap:/home/user/ros2_humble/install/rosbag2:/home/user/ros2_humble/install/rosbag2_compression_zstd:/home/user/ros2_humble/install/mcap_vendor:/home/user/ros2_humble/install/zstd_vendor:/home/user/ros2_humble/install/rviz_visual_testing_framework:/home/user/ros2_humble/install/rviz2:/home/user/ros2_humble/install/rviz_default_plugins:/home/user/ros2_humble/install/rviz_common:/home/user/ros2_humble/install/rosbag2_py:/home/user/ros2_humble/install/rosbag2_transport:/home/user/ros2_humble/install/rosbag2_performance_benchmarking:/home/user/ros2_humble/install/rosbag2_compression:/home/user/ros2_humble/install/rosbag2_cpp:/home/user/ros2_humble/install/rosbag2_storage_default_plugins:/home/user/ros2_humble/install/rosbag2_storage:/home/user/ros2_humble/install/image_common:/home/user/ros2_humble/install/camera_info_manager:/home/user/ros2_humble/install/camera_calibration_parsers:/home/user/ros2_humble/install/yaml_cpp_vendor:/home/user/ros2_humble/install/interactive_markers:/home/user/ros2_humble/install/common_interfaces:/home/user/ros2_humble/install/visualization_msgs:/home/user/ros2_humble/install/dummy_robot_bringup:/home/user/ros2_humble/install/robot_state_publisher:/home/user/ros2_humble/install/kdl_parser:/home/user/ros2_humble/install/urdf:/home/user/ros2_humble/install/urdfdom:/home/user/ros2_humble/install/urdf_parser_plugin:/home/user/ros2_humble/install/urdfdom_headers:/home/user/ros2_humble/install/turtlesim:/home/user/ros2_humble/install/geometry2:/home/user/ros2_humble/install/tf2_sensor_msgs:/home/user/ros2_humble/install/test_tf2:/home/user/ros2_humble/install/tf2_kdl:/home/user/ros2_humble/install/tf2_geometry_msgs:/home/user/ros2_humble/install/tf2_eigen:/home/user/ros2_humble/install/tf2_bullet:/home/user/ros2_humble/install/tf2_ros:/home/user/ros2_humble/install/tf2_py:/home/user/ros2_humble/install/tf2_msgs:/home/user/ros2_humble/install/test_msgs:/home/user/ros2_humble/install/sros2_cmake:/home/user/ros2_humble/install/ros2cli_common_extensions:/home/user/ros2_humble/install/rqt_py_common:/home/user/ros2_humble/install/rosbag2_storage_mcap_testdata:/home/user/ros2_humble/install/ros_testing:/home/user/ros2_humble/install/ros2cli_test_interfaces:/home/user/ros2_humble/install/quality_of_service_demo_cpp:/home/user/ros2_humble/install/image_transport:/home/user/ros2_humble/install/message_filters:/home/user/ros2_humble/install/demo_nodes_cpp:/home/user/ros2_humble/install/composition:/home/user/ros2_humble/install/laser_geometry:/home/user/ros2_humble/install/rclpy:/home/user/ros2_humble/install/examples_rclcpp_minimal_action_server:/home/user/ros2_humble/install/examples_rclcpp_minimal_action_client:/home/user/ros2_humble/install/action_tutorials_cpp:/home/user/ros2_humble/install/rclcpp_action:/home/user/ros2_humble/install/rcl_action:/home/user/ros2_humble/install/examples_rclcpp_wait_set:/home/user/ros2_humble/install/examples_rclcpp_minimal_service:/home/user/ros2_humble/install/examples_rclcpp_minimal_client:/home/user/ros2_humble/install/examples_rclcpp_async_client:/home/user/ros2_humble/install/example_interfaces:/home/user/ros2_humble/install/action_tutorials_interfaces:/home/user/ros2_humble/install/action_msgs:/home/user/ros2_humble/install/unique_identifier_msgs:/home/user/ros2_humble/install/ament_lint_common:/home/user/ros2_humble/install/ament_cmake_uncrustify:/home/user/ros2_humble/install/uncrustify_vendor:/home/user/ros2_humble/install/trajectory_msgs:/home/user/ros2_humble/install/topic_statistics_demo:/home/user/ros2_humble/install/pendulum_control:/home/user/ros2_humble/install/tlsf_cpp:/home/user/ros2_humble/install/test_tracetools:/home/user/ros2_humble/install/rqt_gui_cpp:/home/user/ros2_humble/install/rosbag2_test_common:/home/user/ros2_humble/install/ros2lifecycle_test_fixtures:/home/user/ros2_humble/install/lifecycle:/home/user/ros2_humble/install/rclcpp_lifecycle:/home/user/ros2_humble/install/logging_demo:/home/user/ros2_humble/install/image_tools:/home/user/ros2_humble/install/examples_rclcpp_minimal_subscriber:/home/user/ros2_humble/install/examples_rclcpp_minimal_composition:/home/user/ros2_humble/install/demo_nodes_cpp_native:/home/user/ros2_humble/install/rclcpp_components:/home/user/ros2_humble/install/intra_process_demo:/home/user/ros2_humble/install/examples_rclcpp_multithreaded_executor:/home/user/ros2_humble/install/examples_rclcpp_minimal_timer:/home/user/ros2_humble/install/examples_rclcpp_minimal_publisher:/home/user/ros2_humble/install/examples_rclcpp_cbg_executor:/home/user/ros2_humble/install/dummy_sensors:/home/user/ros2_humble/install/dummy_map_server:/home/user/ros2_humble/install/rclcpp:/home/user/ros2_humble/install/rcl_lifecycle:/home/user/ros2_humble/install/libstatistics_collector:/home/user/ros2_humble/install/rcl:/home/user/ros2_humble/install/rmw_implementation:/home/user/ros2_humble/install/rmw_fastrtps_dynamic_cpp:/home/user/ros2_humble/install/rmw_fastrtps_cpp:/home/user/ros2_humble/install/rmw_fastrtps_shared_cpp:/home/user/ros2_humble/install/rmw_cyclonedds_cpp:/home/user/ros2_humble/install/tracetools:/home/user/ros2_humble/install/tlsf:/home/user/ros2_humble/install/tinyxml_vendor:/home/user/ros2_humble/install/qt_gui_core:/home/user/ros2_humble/install/qt_gui_cpp:/home/user/ros2_humble/install/pluginlib:/home/user/ros2_humble/install/tinyxml2_vendor:/home/user/ros2_humble/install/tf2_eigen_kdl:/home/user/ros2_humble/install/tf2:/home/user/ros2_humble/install/test_security:/home/user/ros2_humble/install/test_rmw_implementation:/home/user/ros2_humble/install/test_rclcpp:/home/user/ros2_humble/install/test_quality_of_service:/home/user/ros2_humble/install/test_launch_testing:/home/user/ros2_humble/install/test_interface_files:/home/user/ros2_humble/install/test_communication:/home/user/ros2_humble/install/test_cli_remapping:/home/user/ros2_humble/install/test_cli:/home/user/ros2_humble/install/qt_gui_app:/home/user/ros2_humble/install/qt_gui:/home/user/ros2_humble/install/tango_icons_vendor:/home/user/ros2_humble/install/stereo_msgs:/home/user/ros2_humble/install/std_srvs:/home/user/ros2_humble/install/shape_msgs:/home/user/ros2_humble/install/map_msgs:/home/user/ros2_humble/install/sensor_msgs:/home/user/ros2_humble/install/nav_msgs:/home/user/ros2_humble/install/diagnostic_msgs:/home/user/ros2_humble/install/geometry_msgs:/home/user/ros2_humble/install/actionlib_msgs:/home/user/ros2_humble/install/std_msgs:/home/user/ros2_humble/install/statistics_msgs:/home/user/ros2_humble/install/sqlite3_vendor:/home/user/ros2_humble/install/rcl_logging_spdlog:/home/user/ros2_humble/install/spdlog_vendor:/home/user/ros2_humble/install/shared_queues_vendor:/home/user/ros2_humble/install/rviz_rendering_tests:/home/user/ros2_humble/install/rviz_rendering:/home/user/ros2_humble/install/rviz_ogre_vendor:/home/user/ros2_humble/install/rviz_assimp_vendor:/home/user/ros2_humble/install/rttest:/home/user/ros2_humble/install/rmw_connextddsmicro:/home/user/ros2_humble/install/rmw_connextdds:/home/user/ros2_humble/install/rmw_connextdds_common:/home/user/ros2_humble/install/rti_connext_dds_cmake_module:/home/user/ros2_humble/install/rosgraph_msgs:/home/user/ros2_humble/install/rosbag2_interfaces:/home/user/ros2_humble/install/rmw_dds_common:/home/user/ros2_humble/install/composition_interfaces:/home/user/ros2_humble/install/rcl_interfaces:/home/user/ros2_humble/install/pendulum_msgs:/home/user/ros2_humble/install/lifecycle_msgs:/home/user/ros2_humble/install/builtin_interfaces:/home/user/ros2_humble/install/rosidl_default_runtime:/home/user/ros2_humble/install/rosidl_default_generators:/home/user/ros2_humble/install/rosidl_generator_py:/home/user/ros2_humble/install/rosidl_typesupport_introspection_tests:/home/user/ros2_humble/install/rosidl_typesupport_cpp:/home/user/ros2_humble/install/rosidl_typesupport_introspection_cpp:/home/user/ros2_humble/install/rosidl_typesupport_c:/home/user/ros2_humble/install/rosidl_typesupport_introspection_c:/home/user/ros2_humble/install/rosidl_typesupport_fastrtps_c:/home/user/ros2_humble/install/rosidl_typesupport_fastrtps_cpp:/home/user/ros2_humble/install/rosidl_generator_cpp:/home/user/ros2_humble/install/rosidl_runtime_cpp:/home/user/ros2_humble/install/rcl_yaml_param_parser:/home/user/ros2_humble/install/rmw:/home/user/ros2_humble/install/rosidl_runtime_c:/home/user/ros2_humble/install/rosidl_generator_c:/home/user/ros2_humble/install/rosidl_typesupport_interface:/home/user/ros2_humble/install/rosidl_generator_dds_idl:/home/user/ros2_humble/install/rosidl_cmake:/home/user/ros2_humble/install/rosidl_parser:/home/user/ros2_humble/install/rosidl_adapter:/home/user/ros2_humble/install/rosbag2_tests:/home/user/ros2_humble/install/ros_environment:/home/user/ros2_humble/install/rmw_implementation_cmake:/home/user/ros2_humble/install/resource_retriever:/home/user/ros2_humble/install/class_loader:/home/user/ros2_humble/install/rcpputils:/home/user/ros2_humble/install/rcl_logging_noop:/home/user/ros2_humble/install/rcl_logging_interface:/home/user/ros2_humble/install/rcutils:/home/user/ros2_humble/install/qt_gui_py_common:/home/user/ros2_humble/install/qt_dotgraph:/home/user/ros2_humble/install/python_qt_binding:/home/user/ros2_humble/install/python_orocos_kdl_vendor:/home/user/ros2_humble/install/launch_testing_ament_cmake:/home/user/ros2_humble/install/python_cmake_module:/home/user/ros2_humble/install/pybind11_vendor:/home/user/ros2_humble/install/performance_test_fixture:/home/user/ros2_humble/install/osrf_testing_tools_cpp:/home/user/ros2_humble/install/orocos_kdl_vendor:/home/user/ros2_humble/install/mimick_vendor:/home/user/ros2_humble/install/libyaml_vendor:/home/user/ros2_humble/install/libcurl_vendor:/home/user/ros2_humble/install/keyboard_handler:/home/user/ros2_humble/install/cyclonedds:/home/user/ros2_humble/install/iceoryx_posh:/home/user/ros2_humble/install/iceoryx_hoofs:/home/user/ros2_humble/install/iceoryx_binding_c:/home/user/ros2_humble/install/ament_cmake_ros:/home/user/ros2_humble/install/ament_cmake_gmock:/home/user/ros2_humble/install/gmock_vendor:/home/user/ros2_humble/install/ament_cmake_auto:/home/user/ros2_humble/install/ament_cmake_gtest:/home/user/ros2_humble/install/gtest_vendor:/home/user/ros2_humble/install/ament_cmake_google_benchmark:/home/user/ros2_humble/install/google_benchmark_vendor:/home/user/ros2_humble/install/fastrtps:/home/user/ros2_humble/install/foonathan_memory_vendor:/home/user/ros2_humble/install/fastrtps_cmake_module:/home/user/ros2_humble/install/fastcdr:/home/user/ros2_humble/install/eigen3_cmake_module:/home/user/ros2_humble/install/console_bridge_vendor:/home/user/ros2_humble/install/ament_cmake_xmllint:/home/user/ros2_humble/install/ament_cmake_pyflakes:/home/user/ros2_humble/install/ament_cmake_pycodestyle:/home/user/ros2_humble/install/ament_cmake_pep257:/home/user/ros2_humble/install/ament_cmake_pclint:/home/user/ros2_humble/install/ament_lint_auto:/home/user/ros2_humble/install/ament_cmake:/home/user/ros2_humble/install/ament_cmake_version:/home/user/ros2_humble/install/ament_cmake_vendor_package:/home/user/ros2_humble/install/ament_cmake_pytest:/home/user/ros2_humble/install/ament_cmake_nose:/home/user/ros2_humble/install/ament_cmake_mypy:/home/user/ros2_humble/install/ament_cmake_lint_cmake:/home/user/ros2_humble/install/ament_cmake_flake8:/home/user/ros2_humble/install/ament_cmake_cpplint:/home/user/ros2_humble/install/ament_cmake_cppcheck:/home/user/ros2_humble/install/ament_cmake_copyright:/home/user/ros2_humble/install/ament_cmake_clang_tidy:/home/user/ros2_humble/install/ament_cmake_clang_format:/home/user/ros2_humble/install/ament_cmake_test:/home/user/ros2_humble/install/ament_cmake_target_dependencies:/home/user/ros2_humble/install/ament_cmake_python:/home/user/ros2_humble/install/ament_cmake_export_dependencies:/home/user/ros2_humble/install/ament_cmake_libraries:/home/user/ros2_humble/install/ament_cmake_include_directories:/home/user/ros2_humble/install/ament_cmake_gen_version_h:/home/user/ros2_humble/install/ament_cmake_export_targets:/home/user/ros2_humble/install/ament_cmake_export_link_flags:/home/user/ros2_humble/install/ament_cmake_export_interfaces:/home/user/ros2_humble/install/ament_cmake_export_libraries:/home/user/ros2_humble/install/ament_cmake_export_include_directories:/home/user/ros2_humble/install/ament_cmake_export_definitions:/home/user/ros2_humble/install/ament_cmake_core:/home/user/ros2_humble/install/ament_index_cpp:/home/user/template_ws/install/camera_pkg:/home/user/ros2_humble/install/rqt_bag_plugins:/home/user/ros2_humble/install/rqt_bag:/home/user/ros2_humble/install/ros2bag:/home/user/ros2_humble/install/tracetools_test:/home/user/ros2_humble/install/tracetools_launch:/home/user/ros2_humble/install/topic_monitor:/home/user/ros2_humble/install/tf2_tools:/home/user/ros2_humble/install/examples_tf2_py:/home/user/ros2_humble/install/tf2_ros_py:/home/user/ros2_humble/install/sros2:/home/user/ros2_humble/install/rqt_topic:/home/user/ros2_humble/install/rqt_srv:/home/user/ros2_humble/install/rqt_shell:/home/user/ros2_humble/install/rqt_service_caller:/home/user/ros2_humble/install/rqt_reconfigure:/home/user/ros2_humble/install/rqt_py_console:/home/user/ros2_humble/install/rqt_publisher:/home/user/ros2_humble/install/rqt_plot:/home/user/ros2_humble/install/rqt_action:/home/user/ros2_humble/install/rqt_msg:/home/user/ros2_humble/install/rqt_console:/home/user/ros2_humble/install/rqt:/home/user/ros2_humble/install/rqt_graph:/home/user/ros2_humble/install/rqt_gui_py:/home/user/ros2_humble/install/rqt_gui:/home/user/ros2_humble/install/ros2trace:/home/user/ros2_humble/install/ros2topic:/home/user/ros2_humble/install/ros2test:/home/user/ros2_humble/install/ros2component:/home/user/ros2_humble/install/ros2param:/home/user/ros2_humble/install/ros2lifecycle:/home/user/ros2_humble/install/ros2service:/home/user/ros2_humble/install/ros2run:/home/user/ros2_humble/install/ros2launch:/home/user/ros2_humble/install/ros2pkg:/home/user/ros2_humble/install/ros2node:/home/user/ros2_humble/install/ros2multicast:/home/user/ros2_humble/install/ros2interface:/home/user/ros2_humble/install/ros2doctor:/home/user/ros2_humble/install/ros2action:/home/user/ros2_humble/install/ros2cli:/home/user/ros2_humble/install/quality_of_service_demo_py:/home/user/ros2_humble/install/lifecycle_py:/home/user/ros2_humble/install/launch_testing_ros:/home/user/ros2_humble/install/launch_ros:/home/user/ros2_humble/install/examples_rclpy_pointcloud_publisher:/home/user/ros2_humble/install/examples_rclpy_minimal_subscriber:/home/user/ros2_humble/install/examples_rclpy_minimal_service:/home/user/ros2_humble/install/examples_rclpy_minimal_publisher:/home/user/ros2_humble/install/examples_rclpy_minimal_client:/home/user/ros2_humble/install/examples_rclpy_minimal_action_server:/home/user/ros2_humble/install/examples_rclpy_minimal_action_client:/home/user/ros2_humble/install/examples_rclpy_guard_conditions:/home/user/ros2_humble/install/examples_rclpy_executors:/home/user/ros2_humble/install/demo_nodes_py:/home/user/ros2_humble/install/action_tutorials_py:/home/user/ros2_humble/install/ament_uncrustify:/home/user/ros2_humble/install/tracetools_trace:/home/user/ros2_humble/install/tracetools_read:/home/user/ros2_humble/install/test_tracetools_launch:/home/user/ros2_humble/install/test_launch_ros:/home/user/ros2_humble/install/sensor_msgs_py:/home/user/ros2_humble/install/rpyutils:/home/user/ros2_humble/install/rosidl_runtime_py:/home/user/ros2_humble/install/rosidl_cli:/home/user/ros2_humble/install/launch_pytest:/home/user/ros2_humble/install/launch_testing:/home/user/ros2_humble/install/launch_yaml:/home/user/ros2_humble/install/launch_xml:/home/user/ros2_humble/install/launch:/home/user/ros2_humble/install/osrf_pycommon:/home/user/ros2_humble/install/launch_testing_examples:/home/user/ros2_humble/install/domain_coordinator:/home/user/ros2_humble/install/ament_xmllint:/home/user/ros2_humble/install/ament_pyflakes:/home/user/ros2_humble/install/ament_pycodestyle:/home/user/ros2_humble/install/ament_pep257:/home/user/ros2_humble/install/ament_pclint:/home/user/ros2_humble/install/ament_package:/home/user/ros2_humble/install/ament_mypy:/home/user/ros2_humble/install/ament_lint_cmake:/home/user/ros2_humble/install/ament_flake8:/home/user/ros2_humble/install/ament_copyright:/home/user/ros2_humble/install/ament_lint:/home/user/ros2_humble/install/ament_index_python:/home/user/ros2_humble/install/ament_cpplint:/home/user/ros2_humble/install/ament_cppcheck:/home/user/ros2_humble/install/ament_clang_tidy:/home/user/ros2_humble/install/ament_clang_format /usr/bin/cmake --build /home/user/template_ws/build/robot_v2_pkg -- -j4 -l4
