[35m[1mConsolidate compiler generated dependencies of target robot_srv_node[0m
[ 50%] [32mBuilding CXX object CMakeFiles/robot_srv_node.dir/src/robot_srv_node.cpp.o[0m
[01m[K/home/user/template_ws/src/robot_srv_pkg/src/robot_srv_node.cpp:[m[K In function â€˜[01m[Kint main(int, char**)[m[Kâ€™:
[01m[K/home/user/template_ws/src/robot_srv_pkg/src/robot_srv_node.cpp:77:3:[m[K [01;31m[Kerror: [m[Kexpected â€˜[01m[K;[m[Kâ€™ before â€˜[01m[Krclcpp[m[Kâ€™
   77 |   [01;31m[Krclcpp[m[K::spin(node);
      |   [01;31m[K^~~~~~[m[K
gmake[2]: *** [CMakeFiles/robot_srv_node.dir/build.make:76: CMakeFiles/robot_srv_node.dir/src/robot_srv_node.cpp.o] Error 1
gmake[1]: *** [CMakeFiles/Makefile2:137: CMakeFiles/robot_srv_node.dir/all] Error 2
gmake: *** [Makefile:146: all] Error 2
