[01m[K/home/user/template_ws/src/robot_action_pkg/src/robot_action_node.cpp:10:10:[m[K [01;31m[Kfatal error: [m[Krclcpp_action/rclcpp_action.hpp: No such file or directory
   10 | #include [01;31m[K"rclcpp_action/rclcpp_action.hpp"[m[K
      |          [01;31m[K^~~~~~~~~~~~~~~~~~~~~~~~~~~~~~~~~[m[K
compilation terminated.
gmake[2]: *** [CMakeFiles/robot_action_node.dir/build.make:76: CMakeFiles/robot_action_node.dir/src/robot_action_node.cpp.o] Error 1
gmake[1]: *** [CMakeFiles/Makefile2:137: CMakeFiles/robot_action_node.dir/all] Error 2
gmake: *** [Makefile:146: all] Error 2
