[01m[K/home/user/template_ws/src/robot_srv_pkg/src/robot_srv_node.cpp:2:1:[m[K [01;35m[Kwarning: [m[Kmulti-line comment [[01;35m[K]8;;https://gcc.gnu.org/onlinedocs/gcc/Warning-Options.html#index-Wcomment-Wcomment]8;;[m[K]
    2 | [01;35m[K/[m[K/ros2 service call /result_service my_interfaces/srv/Result dist:\ 4\
      | [01;35m[K^[m[K
[01m[K/home/user/template_ws/src/robot_srv_pkg/src/robot_srv_node.cpp:[m[K In function â€˜[01m[Kint main(int, char**)[m[Kâ€™:
[01m[K/home/user/template_ws/src/robot_srv_pkg/src/robot_srv_node.cpp:68:67:[m[K [01;31m[Kerror: [m[Kâ€˜[01m[Krclcpp::executor[m[Kâ€™ has not been declared
   68 |   if (rclcpp::spin_until_future_complete(node, result) == rclcpp::[01;31m[Kexecutor[m[K::FutureReturnCode::SUCCESS)
      |                                                                   [01;31m[K^~~~~~~~[m[K
gmake[2]: *** [CMakeFiles/robot_srv_node.dir/build.make:76: CMakeFiles/robot_srv_node.dir/src/robot_srv_node.cpp.o] Error 1
gmake[1]: *** [CMakeFiles/Makefile2:137: CMakeFiles/robot_srv_node.dir/all] Error 2
gmake: *** [Makefile:146: all] Error 2
