-- Found ament_cmake: 1.3.5 (/home/user/ros2_humble/install/ament_cmake/share/ament_cmake/cmake)
-- Override CMake install command with custom implementation using symlinks instead of copying resources
-- Found rclcpp: 16.0.4 (/home/user/ros2_humble/install/rclcpp/share/rclcpp/cmake)
-- Found rosidl_generator_c: 3.1.4 (/home/user/ros2_humble/install/rosidl_generator_c/share/rosidl_generator_c/cmake)
-- Found rosidl_adapter: 3.1.4 (/home/user/ros2_humble/install/rosidl_adapter/share/rosidl_adapter/cmake)
-- Found rosidl_generator_cpp: 3.1.4 (/home/user/ros2_humble/install/rosidl_generator_cpp/share/rosidl_generator_cpp/cmake)
-- Using all available rosidl_typesupport_c: rosidl_typesupport_introspection_c;rosidl_typesupport_fastrtps_c
-- Using all available rosidl_typesupport_cpp: rosidl_typesupport_introspection_cpp;rosidl_typesupport_fastrtps_cpp
-- Found rmw_implementation_cmake: 6.1.1 (/home/user/ros2_humble/install/rmw_implementation_cmake/share/rmw_implementation_cmake/cmake)
-- Found rmw_fastrtps_cpp: 6.2.2 (/home/user/ros2_humble/install/rmw_fastrtps_cpp/share/rmw_fastrtps_cpp/cmake)
-- Using RMW implementation 'rmw_fastrtps_cpp' as default
-- Found rclcpp_action: 16.0.4 (/home/user/ros2_humble/install/rclcpp_action/share/rclcpp_action/cmake)
-- Found rclcpp_components: 16.0.4 (/home/user/ros2_humble/install/rclcpp_components/share/rclcpp_components/cmake)
-- Found my_interfaces: 0.0.0 (/home/user/template_ws/install/my_interfaces/share/my_interfaces/cmake)
-- Configuring done
-- Generating done
-- Build files have been written to: /home/user/template_ws/build/robot_action_pkg
[35m[1mConsolidate compiler generated dependencies of target robot_action_node[0m
[ 50%] [32mBuilding CXX object CMakeFiles/robot_action_node.dir/src/robot_action_node.cpp.o[0m
[01m[K/home/user/template_ws/src/robot_action_pkg/src/robot_action_node.cpp:[m[K In function â€˜[01m[Kvoid handle_accepted(std::shared_ptr<rclcpp_action::ServerGoalHandle<my_interfaces::action::Fibonacci> >)[m[Kâ€™:
[01m[K/home/user/template_ws/src/robot_action_pkg/src/robot_action_node.cpp:43:15:[m[K [01;31m[Kerror: [m[Kâ€˜[01m[Kexecute[m[Kâ€™ was not declared in this scope; did you mean â€˜[01m[Kexecvpe[m[Kâ€™?
   43 |   std::thread{[01;31m[Kexecute[m[K, goal_handle}.detach();
      |               [01;31m[K^~~~~~~[m[K
      |               [32m[Kexecvpe[m[K
[01m[K/home/user/template_ws/src/robot_action_pkg/src/robot_action_node.cpp:43:35:[m[K [01;31m[Kerror: [m[Kno matching function for call to â€˜[01m[Kstd::thread::thread(<brace-enclosed initializer list>)[m[Kâ€™
   43 |   std::thread{execute, goal_handle[01;31m[K}[m[K.detach();
      |                                   [01;31m[K^[m[K
In file included from [01m[K/usr/include/c++/11/thread:43[m[K,
                 from [01m[K/home/user/template_ws/src/robot_action_pkg/src/robot_action_node.cpp:6[m[K:
[01m[K/usr/include/c++/11/bits/std_thread.h:127:7:[m[K [01;36m[Knote: [m[Kcandidate: â€˜[01m[Ktemplate<class _Callable, class ... _Args, class> std::thread::thread(_Callable&&, _Args&& ...)[m[Kâ€™
  127 |       [01;36m[Kthread[m[K(_Callable&& __f, _Args&&... __args)
      |       [01;36m[K^~~~~~[m[K
[01m[K/usr/include/c++/11/bits/std_thread.h:127:7:[m[K [01;36m[Knote: [m[K  template argument deduction/substitution failed:
[01m[K/usr/include/c++/11/bits/std_thread.h:157:5:[m[K [01;36m[Knote: [m[Kcandidate: â€˜[01m[Kstd::thread::thread(std::thread&&)[m[Kâ€™
  157 |     [01;36m[Kthread[m[K(thread&& __t) noexcept
      |     [01;36m[K^~~~~~[m[K
[01m[K/usr/include/c++/11/bits/std_thread.h:157:5:[m[K [01;36m[Knote: [m[K  candidate expects 1 argument, 2 provided
[01m[K/usr/include/c++/11/bits/std_thread.h:121:5:[m[K [01;36m[Knote: [m[Kcandidate: â€˜[01m[Kstd::thread::thread()[m[Kâ€™
  121 |     [01;36m[Kthread[m[K() noexcept = default;
      |     [01;36m[K^~~~~~[m[K
[01m[K/usr/include/c++/11/bits/std_thread.h:121:5:[m[K [01;36m[Knote: [m[K  candidate expects 0 arguments, 2 provided
gmake[2]: *** [CMakeFiles/robot_action_node.dir/build.make:76: CMakeFiles/robot_action_node.dir/src/robot_action_node.cpp.o] Error 1
gmake[1]: *** [CMakeFiles/Makefile2:137: CMakeFiles/robot_action_node.dir/all] Error 2
gmake: *** [Makefile:146: all] Error 2
