[ 50%] [32mBuilding CXX object CMakeFiles/robot_v2_node.dir/src/robot_v2_node.cpp.o[0m
In file included from [01m[K/home/user/ros2_humble/build/rclcpp/include/rclcpp/logging.hpp:24[m[K,
                 from [01m[K/home/user/ros2_humble/install/rclcpp/include/rclcpp/rclcpp/client.hpp:40[m[K,
                 from [01m[K/home/user/ros2_humble/install/rclcpp/include/rclcpp/rclcpp/callback_group.hpp:24[m[K,
                 from [01m[K/home/user/ros2_humble/install/rclcpp/include/rclcpp/rclcpp/any_executable.hpp:20[m[K,
                 from [01m[K/home/user/ros2_humble/install/rclcpp/include/rclcpp/rclcpp/memory_strategy.hpp:25[m[K,
                 from [01m[K/home/user/ros2_humble/install/rclcpp/include/rclcpp/rclcpp/memory_strategies.hpp:18[m[K,
                 from [01m[K/home/user/ros2_humble/install/rclcpp/include/rclcpp/rclcpp/executor_options.hpp:20[m[K,
                 from [01m[K/home/user/ros2_humble/install/rclcpp/include/rclcpp/rclcpp/executor.hpp:37[m[K,
                 from [01m[K/home/user/ros2_humble/install/rclcpp/include/rclcpp/rclcpp/executors/multi_threaded_executor.hpp:25[m[K,
                 from [01m[K/home/user/ros2_humble/install/rclcpp/include/rclcpp/rclcpp/executors.hpp:21[m[K,
                 from [01m[K/home/user/ros2_humble/install/rclcpp/include/rclcpp/rclcpp/rclcpp.hpp:155[m[K,
                 from [01m[K/home/user/template_ws/src/robot_v2_pkg/src/robot_v2_node.cpp:9[m[K:
[01m[K/home/user/template_ws/src/robot_v2_pkg/src/robot_v2_node.cpp:[m[K In member function â€˜[01m[Kvoid Robot_v2::topic_callback(const Dist&) const[m[Kâ€™:
[01m[K/home/user/template_ws/src/robot_v2_pkg/src/robot_v2_node.cpp:58:52:[m[K [01;31m[Kerror: [m[Kexpected primary-expression before â€˜[01m[K,[m[Kâ€™ token
   58 |       RCLCPP_INFO(rclcpp::get_logger("SUBSCRIBER"),[01;31m[K,[m[K "I heard, distance: '%s'", msg.dist.c_str());
      |                                                    [01;31m[K^[m[K
gmake[2]: *** [CMakeFiles/robot_v2_node.dir/build.make:76: CMakeFiles/robot_v2_node.dir/src/robot_v2_node.cpp.o] Error 1
gmake[1]: *** [CMakeFiles/Makefile2:137: CMakeFiles/robot_v2_node.dir/all] Error 2
gmake: *** [Makefile:146: all] Error 2
